<?xml version="1.0" encoding="UTF-8"?>
<testsuite xmlns:xsi="http://www.w3.org/2001/XMLSchema-instance" xsi:noNamespaceSchemaLocation="https://maven.apache.org/surefire/maven-surefire-plugin/xsd/surefire-test-report-3.0.xsd" version="3.0" name="com.confuturo.runners.CucumberRunner" time="105.561" tests="88" errors="0" skipped="0" failures="8">
  <properties>
[...]
</properties>
  <testcase name="El archivo YAML debe tener la configuración de servicios correcta #1" classname="Validación de configuración de archivo json en ambiente de Produccion #2" time="3.4">
    <failure message="Se encontraron 1 errores de validación. Consulta el detalle en los logs." type="java.lang.AssertionError"><![CDATA[java.lang.AssertionError: Se encontraron 1 errores de validación. Consulta el detalle en los logs.
	at com.confuturo.steps.YamlValidationSteps.afterScenario(YamlValidationSteps.java:48)
]]></failure>
    <system-out><![CDATA[
@yaml-prod
Escenario: El archivo YAML debe tener la configuración de servicios correcta                                       # src/test/resources/features/yaml-validation_prod.feature:15

===== INICIANDO ESCENARIO =====
Nombre: El archivo YAML debe tener la configuración de servicios correcta

===== INICIANDO ESCENARIO =====
Nombre: El archivo YAML debe tener la configuración de servicios correcta
Conectando al repositorio: confuturo_ti/servicios-globales/integraciones-generales/alfresco-services
Buscando token en archivo .env...
Comprobando archivo .env en: C:\Users\spena\Desktop\AutomationYamlAndJson\AutomationYamlAndJsonMultiple\yaml-validator\.env
Comprobando archivo .env en: C:\Users\spena\Desktop\AutomationYamlAndJson\AutomationYamlAndJsonMultiple\yaml-validator\..\.env
Archivo .env encontrado en: C:\Users\spena\Desktop\AutomationYamlAndJson\AutomationYamlAndJsonMultiple\yaml-validator\..\.env
Token encontrado en archivo .env: ../.env
Conexión a GitLab establecida correctamente
Conexión establecida correctamente al repositorio: confuturo_ti/servicios-globales/integraciones-generales/alfresco-services
  Dado que tengo acceso al repositorio 'confuturo_ti/servicios-globales/integraciones-generales/alfresco-services' # com.confuturo.steps.YamlValidationSteps.queAccesoAlRepositorio(java.lang.String)
Intentando leer archivo YAML: helm/prod-values-gke.yaml del proyecto: confuturo_ti/servicios-globales/integraciones-generales/alfresco-services
Proyecto encontrado con ID: 48755551
Intentando obtener archivo de la rama: develop
Archivo encontrado en la rama: develop
Contenido YAML guardado en 'gitlab-yaml-content.txt'
=== CONTENIDO YAML ORIGINAL ===
Longitud: 2636 caracteres
Primeras 300 caracteres:
replicaCount: 1

image:
  repository: confuturocloud/alfresco-services
  tag: "latest"

imagePullSecrets:
  - name: confuturo-registry

nameOverride: ""
fullnameOverride: ""

serviceAccount:
  create: true
  annotations: {}
  name: ""

configmap:
  name: alfresco-services
  data:
    API_BASE_PATH: 
=== FIN DEL CONTENIDO ORIGINAL ===
=== PROCESO DE LIMPIEZA DE COMENTARIOS YAML ===
Líneas originales: 103
Líneas procesadas: 103
Comentarios eliminados: 0
=== FIN DEL PROCESO DE LIMPIEZA ===
YAML limpio guardado en 'cleaned-yaml-content.txt'
Longitud después de limpieza: 2637 caracteres
YAML limpio parseado correctamente
  Cuando leo el archivo 'helm/prod-values-gke.yaml'                                                                # com.confuturo.steps.YamlValidationSteps.leoElArchivo(java.lang.String)

============================================================
🔍 VERIFICANDO QUE NO EXISTA LA PALABRA EXACTA
============================================================
🎯 Palabra EXACTA que NO debe existir: 'qa'
📝 Nota: Búsqueda realizada en contenido SIN comentarios
Longitud del contenido a buscar: 2637
Usando contenido: LIMPIO (sin comentarios)
¿Contiene 'qa' con búsqueda simple? true
Ejemplos de dónde aparece (máximo 3):
  1: ...       - api-alfresco-service-qa-group
        - Zerviz-alfres...
  2: ...    - Zerviz-alfresco-service-qa-group
      hideGroupsHeader:...
Aplicando 9 patrones de búsqueda...
Patrón 8 (\b\QQA\E\b): 2 coincidencias
Patrón 9 (\b\Qqa\E\b(?![a-zA-Z])): 2 coincidencias
¿Palabra EXACTA encontrada? true
Total de contextos únicos: 2
  Entonces el archivo Yaml NO debe contener la palabra "qa"                                                        # com.confuturo.steps.YamlValidationSteps.elArchivoYamlNoDebeContenerLaPalabra(java.lang.String)

===== ERRORES DE VALIDACIÓN ENCONTRADOS =====

    Error de validación: La palabra EXACTA 'qa' fue encontrada en el archivo pero NO debería estar presente. Total ocurrencias: 2. Contexto(s): Patrón 8: ... - api-alfresco-service-qa-group - Zerviz-alfres... | Patrón 8: ... - Zerviz-alfresco-service-qa-group hideGroupsHeader:...


    Embedding Error de validación [text/plain 258 bytes]

      java.lang.AssertionError: Se encontraron 1 errores de validación. Consulta el detalle en los logs.
	at com.confuturo.steps.YamlValidationSteps.afterScenario(YamlValidationSteps.java:48)


===== ESCENARIO FALLIDO =====
Nombre: El archivo YAML debe tener la configuración de servicios correcta
Error: de960830-0eae-4685-bb13-893868650ab4
]]></system-out>
    <system-err><![CDATA[¡ERROR DE VALIDACIÓN! La palabra EXACTA 'qa' fue encontrada en el archivo pero NO debería estar presente. Total ocurrencias: 2. Contexto(s): Patrón 8: ... - api-alfresco-service-qa-group - Zerviz-alfres... | Patrón 8: ... - Zerviz-alfresco-service-qa-group hideGroupsHeader:...
- La palabra EXACTA 'qa' fue encontrada en el archivo pero NO debería estar presente. Total ocurrencias: 2. Contexto(s): Patrón 8: ... - api-alfresco-service-qa-group - Zerviz-alfres... | Patrón 8: ... - Zerviz-alfresco-service-qa-group hideGroupsHeader:...
]]></system-err>
  </testcase>
  <testcase name="El archivo YAML debe tener la configuración de servicios correcta #2" classname="Validación de configuración de archivo json en ambiente de Produccion #2" time="1.1">
    <system-out><![CDATA[
@yaml-prod
Escenario: El archivo YAML debe tener la configuración de servicios correcta # src/test/resources/features/yaml-validation_prod.feature:16

===== INICIANDO ESCENARIO =====
Nombre: El archivo YAML debe tener la configuración de servicios correcta

===== INICIANDO ESCENARIO =====
Nombre: El archivo YAML debe tener la configuración de servicios correcta
Conectando al repositorio: confuturo_ti/aps/api-aps
Buscando token en archivo .env...
Comprobando archivo .env en: C:\Users\spena\Desktop\AutomationYamlAndJson\AutomationYamlAndJsonMultiple\yaml-validator\.env
Comprobando archivo .env en: C:\Users\spena\Desktop\AutomationYamlAndJson\AutomationYamlAndJsonMultiple\yaml-validator\..\.env
Archivo .env encontrado en: C:\Users\spena\Desktop\AutomationYamlAndJson\AutomationYamlAndJsonMultiple\yaml-validator\..\.env
Token encontrado en archivo .env: ../.env
Conexión a GitLab establecida correctamente
Conexión establecida correctamente al repositorio: confuturo_ti/aps/api-aps
  Dado que tengo acceso al repositorio 'confuturo_ti/aps/api-aps'            # com.confuturo.steps.YamlValidationSteps.queAccesoAlRepositorio(java.lang.String)
Intentando leer archivo YAML: helm/prod-values-gke.yaml del proyecto: confuturo_ti/aps/api-aps
Proyecto encontrado con ID: 31660921
Intentando obtener archivo de la rama: develop
Archivo encontrado en la rama: develop
Contenido YAML guardado en 'gitlab-yaml-content.txt'
=== CONTENIDO YAML ORIGINAL ===
Longitud: 2337 caracteres
Primeras 300 caracteres:
replicaCount: 1

image:
  repository: confuturocloud/api-aps
  tag: "latest"

imagePullSecrets: 
  - name: confuturo-registry

nameOverride: ""
fullnameOverride: ""

serviceAccount:
  create: true
  annotations: {}
  name: ""

configmap:
  name: api-aps
  data:
    API_BASE_PATH: "/rentas-services"

=== FIN DEL CONTENIDO ORIGINAL ===
=== PROCESO DE LIMPIEZA DE COMENTARIOS YAML ===
Líneas originales: 94
Líneas procesadas: 94
Comentarios eliminados: 0
=== FIN DEL PROCESO DE LIMPIEZA ===
YAML limpio guardado en 'cleaned-yaml-content.txt'
Longitud después de limpieza: 2338 caracteres
YAML limpio parseado correctamente
  Cuando leo el archivo 'helm/prod-values-gke.yaml'                          # com.confuturo.steps.YamlValidationSteps.leoElArchivo(java.lang.String)

============================================================
🔍 VERIFICANDO QUE NO EXISTA LA PALABRA EXACTA
============================================================
🎯 Palabra EXACTA que NO debe existir: 'qa'
📝 Nota: Búsqueda realizada en contenido SIN comentarios
Longitud del contenido a buscar: 2338
Usando contenido: LIMPIO (sin comentarios)
¿Contiene 'qa' con búsqueda simple? true
Ejemplos de dónde aparece (máximo 3):
  1: ...  origins: ["http://clientescfqa.confuturo.cl:85", "http://qaa...
  2: ...fqa.confuturo.cl:85", "http://qaappsfront"]
      methods: ["G...
Aplicando 9 patrones de búsqueda...
¿Palabra EXACTA encontrada? false
Total de contextos únicos: 0
✓ Correcto: La palabra EXACTA 'qa' NO fue encontrada como término independiente
ℹ Nota: La secuencia 'qa' SÍ aparece en el archivo, pero NO como término independiente según los patrones definidos
  Entonces el archivo Yaml NO debe contener la palabra "qa"                  # com.confuturo.steps.YamlValidationSteps.elArchivoYamlNoDebeContenerLaPalabra(java.lang.String)

===== ESCENARIO EXITOSO =====
Nombre: El archivo YAML debe tener la configuración de servicios correcta

===== ESCENARIO EXITOSO =====
Nombre: El archivo YAML debe tener la configuración de servicios correcta
]]></system-out>
  </testcase>
  <testcase name="El archivo YAML debe tener la configuración de servicios correcta #3" classname="Validación de configuración de archivo json en ambiente de Produccion #2" time="1.056">
    <failure message="Se encontraron 1 errores de validación. Consulta el detalle en los logs." type="java.lang.AssertionError"><![CDATA[java.lang.AssertionError: Se encontraron 1 errores de validación. Consulta el detalle en los logs.
	at com.confuturo.steps.YamlValidationSteps.afterScenario(YamlValidationSteps.java:48)
]]></failure>
    <system-out><![CDATA[
@yaml-prod
Escenario: El archivo YAML debe tener la configuración de servicios correcta # src/test/resources/features/yaml-validation_prod.feature:17

===== INICIANDO ESCENARIO =====
Nombre: El archivo YAML debe tener la configuración de servicios correcta

===== INICIANDO ESCENARIO =====
Nombre: El archivo YAML debe tener la configuración de servicios correcta
Conectando al repositorio: confuturo_ti/api-cambio-domicilio
Buscando token en archivo .env...
Comprobando archivo .env en: C:\Users\spena\Desktop\AutomationYamlAndJson\AutomationYamlAndJsonMultiple\yaml-validator\.env
Comprobando archivo .env en: C:\Users\spena\Desktop\AutomationYamlAndJson\AutomationYamlAndJsonMultiple\yaml-validator\..\.env
Archivo .env encontrado en: C:\Users\spena\Desktop\AutomationYamlAndJson\AutomationYamlAndJsonMultiple\yaml-validator\..\.env
Token encontrado en archivo .env: ../.env
Conexión a GitLab establecida correctamente
Conexión establecida correctamente al repositorio: confuturo_ti/api-cambio-domicilio
  Dado que tengo acceso al repositorio 'confuturo_ti/api-cambio-domicilio'   # com.confuturo.steps.YamlValidationSteps.queAccesoAlRepositorio(java.lang.String)
Intentando leer archivo YAML: helm/prod-values-gke.yaml del proyecto: confuturo_ti/api-cambio-domicilio
Proyecto encontrado con ID: 31210596
Intentando obtener archivo de la rama: develop
Archivo encontrado en la rama: develop
Contenido YAML guardado en 'gitlab-yaml-content.txt'
=== CONTENIDO YAML ORIGINAL ===
Longitud: 1468 caracteres
Primeras 300 caracteres:
replicaCount: 1

image:
  repository: confuturocloud/api-cambio-domicilio
  pullPolicy: IfNotPresent
  tag: "latest"

imagePullSecrets: 
  - name: confuturo-registry
nameOverride: ""
fullnameOverride: ""

serviceAccount:
  create: true
  annotations: {}
  name: ""

configmap:
  name: api-cambio-domi
=== FIN DEL CONTENIDO ORIGINAL ===
=== PROCESO DE LIMPIEZA DE COMENTARIOS YAML ===
Líneas originales: 62
Líneas procesadas: 62
Comentarios eliminados: 0
=== FIN DEL PROCESO DE LIMPIEZA ===
YAML limpio guardado en 'cleaned-yaml-content.txt'
Longitud después de limpieza: 1469 caracteres
YAML limpio parseado correctamente
  Cuando leo el archivo 'helm/prod-values-gke.yaml'                          # com.confuturo.steps.YamlValidationSteps.leoElArchivo(java.lang.String)

============================================================
🔍 VERIFICANDO QUE NO EXISTA LA PALABRA EXACTA
============================================================
🎯 Palabra EXACTA que NO debe existir: 'qa'
📝 Nota: Búsqueda realizada en contenido SIN comentarios
Longitud del contenido a buscar: 1469
Usando contenido: LIMPIO (sin comentarios)
¿Contiene 'qa' con búsqueda simple? true
Ejemplos de dónde aparece (máximo 3):
  1: ...l   
  hosts:
    - host: api.qa.seguros.local
      paths:
  ...
Aplicando 9 patrones de búsqueda...
Patrón 2 (\.\Qqa\E(?=[-\.])): 1 coincidencias
Patrón 3 ((?<=[:/\.])\Qqa\E(?=[-\.])): 1 coincidencias
Patrón 8 (\b\QQA\E\b): 1 coincidencias
Patrón 9 (\b\Qqa\E\b(?![a-zA-Z])): 1 coincidencias
¿Palabra EXACTA encontrada? true
Total de contextos únicos: 2
  Entonces el archivo Yaml NO debe contener la palabra "qa"                  # com.confuturo.steps.YamlValidationSteps.elArchivoYamlNoDebeContenerLaPalabra(java.lang.String)

===== ERRORES DE VALIDACIÓN ENCONTRADOS =====

    Error de validación: La palabra EXACTA 'qa' fue encontrada en el archivo pero NO debería estar presente. Total ocurrencias: 2. Contexto(s): Patrón 2: ...al hosts: - host: api.qa.seguros.local paths: ... | Patrón 3: ...l hosts: - host: api.qa.seguros.local paths: ...


    Embedding Error de validación [text/plain 248 bytes]

      java.lang.AssertionError: Se encontraron 1 errores de validación. Consulta el detalle en los logs.
	at com.confuturo.steps.YamlValidationSteps.afterScenario(YamlValidationSteps.java:48)


===== ESCENARIO FALLIDO =====
Nombre: El archivo YAML debe tener la configuración de servicios correcta
Error: b48a8b72-4707-41c2-8c0a-70000da4be4c
]]></system-out>
    <system-err><![CDATA[¡ERROR DE VALIDACIÓN! La palabra EXACTA 'qa' fue encontrada en el archivo pero NO debería estar presente. Total ocurrencias: 2. Contexto(s): Patrón 2: ...al hosts: - host: api.qa.seguros.local paths: ... | Patrón 3: ...l hosts: - host: api.qa.seguros.local paths: ...
- La palabra EXACTA 'qa' fue encontrada en el archivo pero NO debería estar presente. Total ocurrencias: 2. Contexto(s): Patrón 2: ...al hosts: - host: api.qa.seguros.local paths: ... | Patrón 3: ...l hosts: - host: api.qa.seguros.local paths: ...
]]></system-err>
  </testcase>
  <testcase name="El archivo YAML debe tener la configuración de servicios correcta #4" classname="Validación de configuración de archivo json en ambiente de Produccion #2" time="1.315">
    <system-out><![CDATA[
@yaml-prod
Escenario: El archivo YAML debe tener la configuración de servicios correcta # src/test/resources/features/yaml-validation_prod.feature:18

===== INICIANDO ESCENARIO =====
Nombre: El archivo YAML debe tener la configuración de servicios correcta

===== INICIANDO ESCENARIO =====
Nombre: El archivo YAML debe tener la configuración de servicios correcta
Conectando al repositorio: confuturo_ti/api-cambio-via-pago
Buscando token en archivo .env...
Comprobando archivo .env en: C:\Users\spena\Desktop\AutomationYamlAndJson\AutomationYamlAndJsonMultiple\yaml-validator\.env
Comprobando archivo .env en: C:\Users\spena\Desktop\AutomationYamlAndJson\AutomationYamlAndJsonMultiple\yaml-validator\..\.env
Archivo .env encontrado en: C:\Users\spena\Desktop\AutomationYamlAndJson\AutomationYamlAndJsonMultiple\yaml-validator\..\.env
Token encontrado en archivo .env: ../.env
Conexión a GitLab establecida correctamente
Conexión establecida correctamente al repositorio: confuturo_ti/api-cambio-via-pago
  Dado que tengo acceso al repositorio 'confuturo_ti/api-cambio-via-pago'    # com.confuturo.steps.YamlValidationSteps.queAccesoAlRepositorio(java.lang.String)
Intentando leer archivo YAML: helm/prod-values-gke.yaml del proyecto: confuturo_ti/api-cambio-via-pago
Proyecto encontrado con ID: 37970327
Intentando obtener archivo de la rama: develop
Archivo encontrado en la rama: develop
Contenido YAML guardado en 'gitlab-yaml-content.txt'
=== CONTENIDO YAML ORIGINAL ===
Longitud: 3120 caracteres
Primeras 300 caracteres:
replicaCount: 1

image:
  repository: confuturocloud/api-cambio-via-pago
  tag: "latest"

imagePullSecrets:
  - name: confuturo-registry
nameOverride: ""
fullnameOverride: ""

serviceAccount:
  create: true
  annotations: {}
  name: ""

configmap:
  name: api-cambio-via-pago
  data:
    AllowedHosts
=== FIN DEL CONTENIDO ORIGINAL ===
=== PROCESO DE LIMPIEZA DE COMENTARIOS YAML ===
Líneas originales: 105
Líneas procesadas: 105
Comentarios eliminados: 0
=== FIN DEL PROCESO DE LIMPIEZA ===
YAML limpio guardado en 'cleaned-yaml-content.txt'
Longitud después de limpieza: 3121 caracteres
YAML limpio parseado correctamente
  Cuando leo el archivo 'helm/prod-values-gke.yaml'                          # com.confuturo.steps.YamlValidationSteps.leoElArchivo(java.lang.String)

============================================================
🔍 VERIFICANDO QUE NO EXISTA LA PALABRA EXACTA
============================================================
🎯 Palabra EXACTA que NO debe existir: 'qa'
📝 Nota: Búsqueda realizada en contenido SIN comentarios
Longitud del contenido a buscar: 3121
Usando contenido: LIMPIO (sin comentarios)
¿Contiene 'qa' con búsqueda simple? false
Aplicando 9 patrones de búsqueda...
¿Palabra EXACTA encontrada? false
Total de contextos únicos: 0
✓ Correcto: La palabra EXACTA 'qa' NO fue encontrada como término independiente
ℹ Confirmado: La secuencia 'qa' no aparece en absoluto en el archivo
  Entonces el archivo Yaml NO debe contener la palabra "qa"                  # com.confuturo.steps.YamlValidationSteps.elArchivoYamlNoDebeContenerLaPalabra(java.lang.String)

===== ESCENARIO EXITOSO =====
Nombre: El archivo YAML debe tener la configuración de servicios correcta

===== ESCENARIO EXITOSO =====
Nombre: El archivo YAML debe tener la configuración de servicios correcta
]]></system-out>
  </testcase>
  <testcase name="El archivo YAML debe tener la configuración de servicios correcta #5" classname="Validación de configuración de archivo json en ambiente de Produccion #2" time="1.073">
    <system-out><![CDATA[
@yaml-prod
Escenario: El archivo YAML debe tener la configuración de servicios correcta             # src/test/resources/features/yaml-validation_prod.feature:19

===== INICIANDO ESCENARIO =====
Nombre: El archivo YAML debe tener la configuración de servicios correcta

===== INICIANDO ESCENARIO =====
Nombre: El archivo YAML debe tener la configuración de servicios correcta
Conectando al repositorio: confuturo_ti/servicios-globales/api-certificate
Buscando token en archivo .env...
Comprobando archivo .env en: C:\Users\spena\Desktop\AutomationYamlAndJson\AutomationYamlAndJsonMultiple\yaml-validator\.env
Comprobando archivo .env en: C:\Users\spena\Desktop\AutomationYamlAndJson\AutomationYamlAndJsonMultiple\yaml-validator\..\.env
Archivo .env encontrado en: C:\Users\spena\Desktop\AutomationYamlAndJson\AutomationYamlAndJsonMultiple\yaml-validator\..\.env
Token encontrado en archivo .env: ../.env
Conexión a GitLab establecida correctamente
Conexión establecida correctamente al repositorio: confuturo_ti/servicios-globales/api-certificate
  Dado que tengo acceso al repositorio 'confuturo_ti/servicios-globales/api-certificate' # com.confuturo.steps.YamlValidationSteps.queAccesoAlRepositorio(java.lang.String)
Intentando leer archivo YAML: helm/prod-values-gke.yaml del proyecto: confuturo_ti/servicios-globales/api-certificate
Proyecto encontrado con ID: 39348657
Intentando obtener archivo de la rama: develop
Archivo encontrado en la rama: develop
Contenido YAML guardado en 'gitlab-yaml-content.txt'
=== CONTENIDO YAML ORIGINAL ===
Longitud: 1677 caracteres
Primeras 300 caracteres:
replicaCount: 1

image:
  repository: confuturocloud/api-certificate
  tag: "latest"

imagePullSecrets: 
  - name: confuturo-registry
nameOverride: ""
fullnameOverride: ""

serviceAccount:
  create: true
  annotations: {}
  name: ""

configmap:
  name: api-certificate
  data:
    API_BASE_PATH: "/ap
=== FIN DEL CONTENIDO ORIGINAL ===
=== PROCESO DE LIMPIEZA DE COMENTARIOS YAML ===
Líneas originales: 72
Líneas procesadas: 72
Comentarios eliminados: 0
=== FIN DEL PROCESO DE LIMPIEZA ===
YAML limpio guardado en 'cleaned-yaml-content.txt'
Longitud después de limpieza: 1678 caracteres
YAML limpio parseado correctamente
  Cuando leo el archivo 'helm/prod-values-gke.yaml'                                      # com.confuturo.steps.YamlValidationSteps.leoElArchivo(java.lang.String)

============================================================
🔍 VERIFICANDO QUE NO EXISTA LA PALABRA EXACTA
============================================================
🎯 Palabra EXACTA que NO debe existir: 'qa'
📝 Nota: Búsqueda realizada en contenido SIN comentarios
Longitud del contenido a buscar: 1678
Usando contenido: LIMPIO (sin comentarios)
¿Contiene 'qa' con búsqueda simple? false
Aplicando 9 patrones de búsqueda...
¿Palabra EXACTA encontrada? false
Total de contextos únicos: 0
✓ Correcto: La palabra EXACTA 'qa' NO fue encontrada como término independiente
ℹ Confirmado: La secuencia 'qa' no aparece en absoluto en el archivo
  Entonces el archivo Yaml NO debe contener la palabra "qa"                              # com.confuturo.steps.YamlValidationSteps.elArchivoYamlNoDebeContenerLaPalabra(java.lang.String)

===== ESCENARIO EXITOSO =====
Nombre: El archivo YAML debe tener la configuración de servicios correcta

===== ESCENARIO EXITOSO =====
Nombre: El archivo YAML debe tener la configuración de servicios correcta
]]></system-out>
  </testcase>
  <testcase name="El archivo YAML debe tener la configuración de servicios correcta #6" classname="Validación de configuración de archivo json en ambiente de Produccion #2" time="1.334">
    <system-out><![CDATA[
@yaml-prod
Escenario: El archivo YAML debe tener la configuración de servicios correcta              # src/test/resources/features/yaml-validation_prod.feature:20

===== INICIANDO ESCENARIO =====
Nombre: El archivo YAML debe tener la configuración de servicios correcta

===== INICIANDO ESCENARIO =====
Nombre: El archivo YAML debe tener la configuración de servicios correcta
Conectando al repositorio: confuturo_ti/check-status-vt/api-check-status-vt
Buscando token en archivo .env...
Comprobando archivo .env en: C:\Users\spena\Desktop\AutomationYamlAndJson\AutomationYamlAndJsonMultiple\yaml-validator\.env
Comprobando archivo .env en: C:\Users\spena\Desktop\AutomationYamlAndJson\AutomationYamlAndJsonMultiple\yaml-validator\..\.env
Archivo .env encontrado en: C:\Users\spena\Desktop\AutomationYamlAndJson\AutomationYamlAndJsonMultiple\yaml-validator\..\.env
Token encontrado en archivo .env: ../.env
Conexión a GitLab establecida correctamente
Conexión establecida correctamente al repositorio: confuturo_ti/check-status-vt/api-check-status-vt
  Dado que tengo acceso al repositorio 'confuturo_ti/check-status-vt/api-check-status-vt' # com.confuturo.steps.YamlValidationSteps.queAccesoAlRepositorio(java.lang.String)
Intentando leer archivo YAML: helm/prod-values-gke.yaml del proyecto: confuturo_ti/check-status-vt/api-check-status-vt
Proyecto encontrado con ID: 64215217
Intentando obtener archivo de la rama: develop
Archivo encontrado en la rama: develop
Contenido YAML guardado en 'gitlab-yaml-content.txt'
=== CONTENIDO YAML ORIGINAL ===
Longitud: 1316 caracteres
Primeras 300 caracteres:
replicaCount: 1

image:
  repository: confuturocloud/api-check-status-vt
  tag: "latest"

imagePullSecrets: 
  - name: confuturo-registry

nameOverride: ""
fullnameOverride: ""

serviceAccount:
  create: true
  annotations: {}
  name: ""
  
configmap:
  name: api-check-status-vt
  data:
    API_BASE
=== FIN DEL CONTENIDO ORIGINAL ===
=== PROCESO DE LIMPIEZA DE COMENTARIOS YAML ===
Líneas originales: 61
Líneas procesadas: 61
Comentarios eliminados: 0
=== FIN DEL PROCESO DE LIMPIEZA ===
YAML limpio guardado en 'cleaned-yaml-content.txt'
Longitud después de limpieza: 1317 caracteres
YAML limpio parseado correctamente
  Cuando leo el archivo 'helm/prod-values-gke.yaml'                                       # com.confuturo.steps.YamlValidationSteps.leoElArchivo(java.lang.String)

============================================================
🔍 VERIFICANDO QUE NO EXISTA LA PALABRA EXACTA
============================================================
🎯 Palabra EXACTA que NO debe existir: 'qa'
📝 Nota: Búsqueda realizada en contenido SIN comentarios
Longitud del contenido a buscar: 1317
Usando contenido: LIMPIO (sin comentarios)
¿Contiene 'qa' con búsqueda simple? false
Aplicando 9 patrones de búsqueda...
¿Palabra EXACTA encontrada? false
Total de contextos únicos: 0
✓ Correcto: La palabra EXACTA 'qa' NO fue encontrada como término independiente
ℹ Confirmado: La secuencia 'qa' no aparece en absoluto en el archivo
  Entonces el archivo Yaml NO debe contener la palabra "qa"                               # com.confuturo.steps.YamlValidationSteps.elArchivoYamlNoDebeContenerLaPalabra(java.lang.String)

===== ESCENARIO EXITOSO =====
Nombre: El archivo YAML debe tener la configuración de servicios correcta

===== ESCENARIO EXITOSO =====
Nombre: El archivo YAML debe tener la configuración de servicios correcta
]]></system-out>
  </testcase>
  <testcase name="El archivo YAML debe tener la configuración de servicios correcta #7" classname="Validación de configuración de archivo json en ambiente de Produccion #2" time="1.568">
    <system-out><![CDATA[
@yaml-prod
Escenario: El archivo YAML debe tener la configuración de servicios correcta           # src/test/resources/features/yaml-validation_prod.feature:21

===== INICIANDO ESCENARIO =====
Nombre: El archivo YAML debe tener la configuración de servicios correcta

===== INICIANDO ESCENARIO =====
Nombre: El archivo YAML debe tener la configuración de servicios correcta
Conectando al repositorio: confuturo_ti/api-contrato-operaciones-remotas
Buscando token en archivo .env...
Comprobando archivo .env en: C:\Users\spena\Desktop\AutomationYamlAndJson\AutomationYamlAndJsonMultiple\yaml-validator\.env
Comprobando archivo .env en: C:\Users\spena\Desktop\AutomationYamlAndJson\AutomationYamlAndJsonMultiple\yaml-validator\..\.env
Archivo .env encontrado en: C:\Users\spena\Desktop\AutomationYamlAndJson\AutomationYamlAndJsonMultiple\yaml-validator\..\.env
Token encontrado en archivo .env: ../.env
Conexión a GitLab establecida correctamente
Conexión establecida correctamente al repositorio: confuturo_ti/api-contrato-operaciones-remotas
  Dado que tengo acceso al repositorio 'confuturo_ti/api-contrato-operaciones-remotas' # com.confuturo.steps.YamlValidationSteps.queAccesoAlRepositorio(java.lang.String)
Intentando leer archivo YAML: helm/prod-values-gke.yaml del proyecto: confuturo_ti/api-contrato-operaciones-remotas
Proyecto encontrado con ID: 36003355
Intentando obtener archivo de la rama: develop
Archivo encontrado en la rama: develop
Contenido YAML guardado en 'gitlab-yaml-content.txt'
=== CONTENIDO YAML ORIGINAL ===
Longitud: 1694 caracteres
Primeras 300 caracteres:
replicaCount: 1

image:
  repository: confuturocloud/api-contrato-operaciones-remotas
  tag: "latest"

imagePullSecrets:
  - name: confuturo-registry

nameOverride: ""
fullnameOverride: ""

serviceAccount:
  create: true
  annotations: {}
  name: ""

configmap:
  name: api-contrato-operaciones-remot
=== FIN DEL CONTENIDO ORIGINAL ===
=== PROCESO DE LIMPIEZA DE COMENTARIOS YAML ===
Líneas originales: 65
Líneas procesadas: 65
Comentarios eliminados: 0
=== FIN DEL PROCESO DE LIMPIEZA ===
YAML limpio guardado en 'cleaned-yaml-content.txt'
Longitud después de limpieza: 1695 caracteres
YAML limpio parseado correctamente
  Cuando leo el archivo 'helm/prod-values-gke.yaml'                                    # com.confuturo.steps.YamlValidationSteps.leoElArchivo(java.lang.String)

============================================================
🔍 VERIFICANDO QUE NO EXISTA LA PALABRA EXACTA
============================================================
🎯 Palabra EXACTA que NO debe existir: 'qa'
📝 Nota: Búsqueda realizada en contenido SIN comentarios
Longitud del contenido a buscar: 1695
Usando contenido: LIMPIO (sin comentarios)
¿Contiene 'qa' con búsqueda simple? false
Aplicando 9 patrones de búsqueda...
¿Palabra EXACTA encontrada? false
Total de contextos únicos: 0
✓ Correcto: La palabra EXACTA 'qa' NO fue encontrada como término independiente
ℹ Confirmado: La secuencia 'qa' no aparece en absoluto en el archivo
  Entonces el archivo Yaml NO debe contener la palabra "qa"                            # com.confuturo.steps.YamlValidationSteps.elArchivoYamlNoDebeContenerLaPalabra(java.lang.String)

===== ESCENARIO EXITOSO =====
Nombre: El archivo YAML debe tener la configuración de servicios correcta

===== ESCENARIO EXITOSO =====
Nombre: El archivo YAML debe tener la configuración de servicios correcta
]]></system-out>
  </testcase>
  <testcase name="El archivo YAML debe tener la configuración de servicios correcta #8" classname="Validación de configuración de archivo json en ambiente de Produccion #2" time="1.001">
    <system-out><![CDATA[
@yaml-prod
Escenario: El archivo YAML debe tener la configuración de servicios correcta          # src/test/resources/features/yaml-validation_prod.feature:22

===== INICIANDO ESCENARIO =====
Nombre: El archivo YAML debe tener la configuración de servicios correcta

===== INICIANDO ESCENARIO =====
Nombre: El archivo YAML debe tener la configuración de servicios correcta
Conectando al repositorio: confuturo_ti/api-declaracion-origenes-fondos
Buscando token en archivo .env...
Comprobando archivo .env en: C:\Users\spena\Desktop\AutomationYamlAndJson\AutomationYamlAndJsonMultiple\yaml-validator\.env
Comprobando archivo .env en: C:\Users\spena\Desktop\AutomationYamlAndJson\AutomationYamlAndJsonMultiple\yaml-validator\..\.env
Archivo .env encontrado en: C:\Users\spena\Desktop\AutomationYamlAndJson\AutomationYamlAndJsonMultiple\yaml-validator\..\.env
Token encontrado en archivo .env: ../.env
Conexión a GitLab establecida correctamente
Conexión establecida correctamente al repositorio: confuturo_ti/api-declaracion-origenes-fondos
  Dado que tengo acceso al repositorio 'confuturo_ti/api-declaracion-origenes-fondos' # com.confuturo.steps.YamlValidationSteps.queAccesoAlRepositorio(java.lang.String)
Intentando leer archivo YAML: helm/prod-values-gke.yaml del proyecto: confuturo_ti/api-declaracion-origenes-fondos
Proyecto encontrado con ID: 36420559
Intentando obtener archivo de la rama: develop
Archivo encontrado en la rama: develop
Contenido YAML guardado en 'gitlab-yaml-content.txt'
=== CONTENIDO YAML ORIGINAL ===
Longitud: 2392 caracteres
Primeras 300 caracteres:
replicaCount: 1

image:
  repository: confuturocloud/api-declaracion-origenes-fondos
  tag: "latest"

imagePullSecrets:
  - name: confuturo-registry

nameOverride: ""
fullnameOverride: ""

serviceAccount:
  create: true
  annotations: {}
  name: ""

configmap:
  name: api-declaracion-origenes-fondos
=== FIN DEL CONTENIDO ORIGINAL ===
=== PROCESO DE LIMPIEZA DE COMENTARIOS YAML ===
Líneas originales: 85
Líneas procesadas: 85
Comentarios eliminados: 0
=== FIN DEL PROCESO DE LIMPIEZA ===
YAML limpio guardado en 'cleaned-yaml-content.txt'
Longitud después de limpieza: 2393 caracteres
YAML limpio parseado correctamente
  Cuando leo el archivo 'helm/prod-values-gke.yaml'                                   # com.confuturo.steps.YamlValidationSteps.leoElArchivo(java.lang.String)

============================================================
🔍 VERIFICANDO QUE NO EXISTA LA PALABRA EXACTA
============================================================
🎯 Palabra EXACTA que NO debe existir: 'qa'
📝 Nota: Búsqueda realizada en contenido SIN comentarios
Longitud del contenido a buscar: 2393
Usando contenido: LIMPIO (sin comentarios)
¿Contiene 'qa' con búsqueda simple? false
Aplicando 9 patrones de búsqueda...
¿Palabra EXACTA encontrada? false
Total de contextos únicos: 0
✓ Correcto: La palabra EXACTA 'qa' NO fue encontrada como término independiente
ℹ Confirmado: La secuencia 'qa' no aparece en absoluto en el archivo
  Entonces el archivo Yaml NO debe contener la palabra "qa"                           # com.confuturo.steps.YamlValidationSteps.elArchivoYamlNoDebeContenerLaPalabra(java.lang.String)

===== ESCENARIO EXITOSO =====
Nombre: El archivo YAML debe tener la configuración de servicios correcta

===== ESCENARIO EXITOSO =====
Nombre: El archivo YAML debe tener la configuración de servicios correcta
]]></system-out>
  </testcase>
  <testcase name="El archivo YAML debe tener la configuración de servicios correcta #9" classname="Validación de configuración de archivo json en ambiente de Produccion #2" time="1.073">
    <failure message="Se encontraron 1 errores de validación. Consulta el detalle en los logs." type="java.lang.AssertionError"><![CDATA[java.lang.AssertionError: Se encontraron 1 errores de validación. Consulta el detalle en los logs.
	at com.confuturo.steps.YamlValidationSteps.afterScenario(YamlValidationSteps.java:48)
]]></failure>
    <system-out><![CDATA[
@yaml-prod
Escenario: El archivo YAML debe tener la configuración de servicios correcta         # src/test/resources/features/yaml-validation_prod.feature:23

===== INICIANDO ESCENARIO =====
Nombre: El archivo YAML debe tener la configuración de servicios correcta

===== INICIANDO ESCENARIO =====
Nombre: El archivo YAML debe tener la configuración de servicios correcta
Conectando al repositorio: confuturo_ti/portales-internos/api-feriados
Buscando token en archivo .env...
Comprobando archivo .env en: C:\Users\spena\Desktop\AutomationYamlAndJson\AutomationYamlAndJsonMultiple\yaml-validator\.env
Comprobando archivo .env en: C:\Users\spena\Desktop\AutomationYamlAndJson\AutomationYamlAndJsonMultiple\yaml-validator\..\.env
Archivo .env encontrado en: C:\Users\spena\Desktop\AutomationYamlAndJson\AutomationYamlAndJsonMultiple\yaml-validator\..\.env
Token encontrado en archivo .env: ../.env
Conexión a GitLab establecida correctamente
Conexión establecida correctamente al repositorio: confuturo_ti/portales-internos/api-feriados
  Dado que tengo acceso al repositorio 'confuturo_ti/portales-internos/api-feriados' # com.confuturo.steps.YamlValidationSteps.queAccesoAlRepositorio(java.lang.String)
Intentando leer archivo YAML: helm/prod-values-gke.yaml del proyecto: confuturo_ti/portales-internos/api-feriados
Proyecto encontrado con ID: 26951817
Intentando obtener archivo de la rama: develop
Archivo encontrado en la rama: develop
Contenido YAML guardado en 'gitlab-yaml-content.txt'
=== CONTENIDO YAML ORIGINAL ===
Longitud: 1418 caracteres
Primeras 300 caracteres:
replicaCount: 1

image:
  repository: confuturocloud/api-feriados
  tag: "latest"

imagePullSecrets: []
nameOverride: ""
fullnameOverride: ""

serviceAccount:
  create: true
  annotations: {}
  name: ""

configmap:
  name: api-feriados
  data:
    API_BASE_PATH: "/feriados"
    ASPNETCORE_ENVIRONMEN
=== FIN DEL CONTENIDO ORIGINAL ===
=== PROCESO DE LIMPIEZA DE COMENTARIOS YAML ===
Líneas originales: 64
Líneas procesadas: 64
Comentarios eliminados: 0
=== FIN DEL PROCESO DE LIMPIEZA ===
YAML limpio guardado en 'cleaned-yaml-content.txt'
Longitud después de limpieza: 1417 caracteres
YAML limpio parseado correctamente
  Cuando leo el archivo 'helm/prod-values-gke.yaml'                                  # com.confuturo.steps.YamlValidationSteps.leoElArchivo(java.lang.String)

============================================================
🔍 VERIFICANDO QUE NO EXISTA LA PALABRA EXACTA
============================================================
🎯 Palabra EXACTA que NO debe existir: 'qa'
📝 Nota: Búsqueda realizada en contenido SIN comentarios
Longitud del contenido a buscar: 1417
Usando contenido: LIMPIO (sin comentarios)
¿Contiene 'qa' con búsqueda simple? true
Ejemplos de dónde aparece (máximo 3):
  1: ...tp" 
  hosts:
    - host: api.qa.seguros.local
      paths:
  ...
Aplicando 9 patrones de búsqueda...
Patrón 2 (\.\Qqa\E(?=[-\.])): 1 coincidencias
Patrón 3 ((?<=[:/\.])\Qqa\E(?=[-\.])): 1 coincidencias
Patrón 8 (\b\QQA\E\b): 1 coincidencias
Patrón 9 (\b\Qqa\E\b(?![a-zA-Z])): 1 coincidencias
¿Palabra EXACTA encontrada? true
Total de contextos únicos: 2
  Entonces el archivo Yaml NO debe contener la palabra "qa"                          # com.confuturo.steps.YamlValidationSteps.elArchivoYamlNoDebeContenerLaPalabra(java.lang.String)

===== ERRORES DE VALIDACIÓN ENCONTRADOS =====

    Error de validación: La palabra EXACTA 'qa' fue encontrada en el archivo pero NO debería estar presente. Total ocurrencias: 2. Contexto(s): Patrón 2: ...ttp" hosts: - host: api.qa.seguros.local paths: ... | Patrón 3: ...tp" hosts: - host: api.qa.seguros.local paths: ...


    Embedding Error de validación [text/plain 252 bytes]

      java.lang.AssertionError: Se encontraron 1 errores de validación. Consulta el detalle en los logs.
	at com.confuturo.steps.YamlValidationSteps.afterScenario(YamlValidationSteps.java:48)


===== ESCENARIO FALLIDO =====
Nombre: El archivo YAML debe tener la configuración de servicios correcta
Error: 65eaedd9-c57b-4eba-b565-6e28c73163d9
]]></system-out>
    <system-err><![CDATA[¡ERROR DE VALIDACIÓN! La palabra EXACTA 'qa' fue encontrada en el archivo pero NO debería estar presente. Total ocurrencias: 2. Contexto(s): Patrón 2: ...ttp" hosts: - host: api.qa.seguros.local paths: ... | Patrón 3: ...tp" hosts: - host: api.qa.seguros.local paths: ...
- La palabra EXACTA 'qa' fue encontrada en el archivo pero NO debería estar presente. Total ocurrencias: 2. Contexto(s): Patrón 2: ...ttp" hosts: - host: api.qa.seguros.local paths: ... | Patrón 3: ...tp" hosts: - host: api.qa.seguros.local paths: ...
]]></system-err>
  </testcase>
  <testcase name="El archivo YAML debe tener la configuración de servicios correcta #10" classname="Validación de configuración de archivo json en ambiente de Produccion #2" time="0.995">
    <system-out><![CDATA[
@yaml-prod
Escenario: El archivo YAML debe tener la configuración de servicios correcta                       # src/test/resources/features/yaml-validation_prod.feature:24

===== INICIANDO ESCENARIO =====
Nombre: El archivo YAML debe tener la configuración de servicios correcta

===== INICIANDO ESCENARIO =====
Nombre: El archivo YAML debe tener la configuración de servicios correcta
Conectando al repositorio: confuturo_ti/servicios-globales/incentivos/api-incentivos
Buscando token en archivo .env...
Comprobando archivo .env en: C:\Users\spena\Desktop\AutomationYamlAndJson\AutomationYamlAndJsonMultiple\yaml-validator\.env
Comprobando archivo .env en: C:\Users\spena\Desktop\AutomationYamlAndJson\AutomationYamlAndJsonMultiple\yaml-validator\..\.env
Archivo .env encontrado en: C:\Users\spena\Desktop\AutomationYamlAndJson\AutomationYamlAndJsonMultiple\yaml-validator\..\.env
Token encontrado en archivo .env: ../.env
Conexión a GitLab establecida correctamente
Conexión establecida correctamente al repositorio: confuturo_ti/servicios-globales/incentivos/api-incentivos
  Dado que tengo acceso al repositorio 'confuturo_ti/servicios-globales/incentivos/api-incentivos' # com.confuturo.steps.YamlValidationSteps.queAccesoAlRepositorio(java.lang.String)
Intentando leer archivo YAML: helm/prod-values-gke.yaml del proyecto: confuturo_ti/servicios-globales/incentivos/api-incentivos
Proyecto encontrado con ID: 53651639
Intentando obtener archivo de la rama: develop
Archivo encontrado en la rama: develop
Contenido YAML guardado en 'gitlab-yaml-content.txt'
=== CONTENIDO YAML ORIGINAL ===
Longitud: 2064 caracteres
Primeras 300 caracteres:
replicaCount: 1

image:
  repository: confuturocloud/api-incentivos
  tag: "latest"

imagePullSecrets:
  - name: confuturo-registry

nameOverride: ""
fullnameOverride: ""

serviceAccount:
  create: true
  annotations: {}
  name: ""

configmap:
  name: api-incentivos
  data:
    API_BASE_PATH: "/ince
=== FIN DEL CONTENIDO ORIGINAL ===
=== PROCESO DE LIMPIEZA DE COMENTARIOS YAML ===
Líneas originales: 87
Líneas procesadas: 87
Comentarios eliminados: 0
=== FIN DEL PROCESO DE LIMPIEZA ===
YAML limpio guardado en 'cleaned-yaml-content.txt'
Longitud después de limpieza: 2064 caracteres
YAML limpio parseado correctamente
  Cuando leo el archivo 'helm/prod-values-gke.yaml'                                                # com.confuturo.steps.YamlValidationSteps.leoElArchivo(java.lang.String)

============================================================
🔍 VERIFICANDO QUE NO EXISTA LA PALABRA EXACTA
============================================================
🎯 Palabra EXACTA que NO debe existir: 'qa'
📝 Nota: Búsqueda realizada en contenido SIN comentarios
Longitud del contenido a buscar: 2064
Usando contenido: LIMPIO (sin comentarios)
¿Contiene 'qa' con búsqueda simple? false
Aplicando 9 patrones de búsqueda...
¿Palabra EXACTA encontrada? false
Total de contextos únicos: 0
✓ Correcto: La palabra EXACTA 'qa' NO fue encontrada como término independiente
ℹ Confirmado: La secuencia 'qa' no aparece en absoluto en el archivo
  Entonces el archivo Yaml NO debe contener la palabra "qa"                                        # com.confuturo.steps.YamlValidationSteps.elArchivoYamlNoDebeContenerLaPalabra(java.lang.String)

===== ESCENARIO EXITOSO =====
Nombre: El archivo YAML debe tener la configuración de servicios correcta

===== ESCENARIO EXITOSO =====
Nombre: El archivo YAML debe tener la configuración de servicios correcta
]]></system-out>
  </testcase>
  <testcase name="El archivo YAML debe tener la configuración de servicios correcta #11" classname="Validación de configuración de archivo json en ambiente de Produccion #2" time="1.268">
    <system-out><![CDATA[
@yaml-prod
Escenario: El archivo YAML debe tener la configuración de servicios correcta # src/test/resources/features/yaml-validation_prod.feature:25

===== INICIANDO ESCENARIO =====
Nombre: El archivo YAML debe tener la configuración de servicios correcta

===== INICIANDO ESCENARIO =====
Nombre: El archivo YAML debe tener la configuración de servicios correcta
Conectando al repositorio: confuturo_ti/kta/api-kta
Buscando token en archivo .env...
Comprobando archivo .env en: C:\Users\spena\Desktop\AutomationYamlAndJson\AutomationYamlAndJsonMultiple\yaml-validator\.env
Comprobando archivo .env en: C:\Users\spena\Desktop\AutomationYamlAndJson\AutomationYamlAndJsonMultiple\yaml-validator\..\.env
Archivo .env encontrado en: C:\Users\spena\Desktop\AutomationYamlAndJson\AutomationYamlAndJsonMultiple\yaml-validator\..\.env
Token encontrado en archivo .env: ../.env
Conexión a GitLab establecida correctamente
Conexión establecida correctamente al repositorio: confuturo_ti/kta/api-kta
  Dado que tengo acceso al repositorio 'confuturo_ti/kta/api-kta'            # com.confuturo.steps.YamlValidationSteps.queAccesoAlRepositorio(java.lang.String)
Intentando leer archivo YAML: helm/prod-values-gke.yaml del proyecto: confuturo_ti/kta/api-kta
Proyecto encontrado con ID: 59051030
Intentando obtener archivo de la rama: develop
Archivo encontrado en la rama: develop
Contenido YAML guardado en 'gitlab-yaml-content.txt'
=== CONTENIDO YAML ORIGINAL ===
Longitud: 1619 caracteres
Primeras 300 caracteres:
replicaCount: 1

image:
  repository: confuturocloud/api-kta
  tag: "latest"

imagePullSecrets: 
  - name: confuturo-registry

nameOverride: ""
fullnameOverride: ""

configmap:
  name: api-kta
  data:
    DOTNET_ENVIRONMENT: "Prod"
    ASPNETCORE_ENVIRONMENT: "Prod"
    Parameters__ambiente: ""
    
=== FIN DEL CONTENIDO ORIGINAL ===
=== PROCESO DE LIMPIEZA DE COMENTARIOS YAML ===
Líneas originales: 73
Líneas procesadas: 73
Comentarios eliminados: 0
=== FIN DEL PROCESO DE LIMPIEZA ===
YAML limpio guardado en 'cleaned-yaml-content.txt'
Longitud después de limpieza: 1620 caracteres
YAML limpio parseado correctamente
  Cuando leo el archivo 'helm/prod-values-gke.yaml'                          # com.confuturo.steps.YamlValidationSteps.leoElArchivo(java.lang.String)

============================================================
🔍 VERIFICANDO QUE NO EXISTA LA PALABRA EXACTA
============================================================
🎯 Palabra EXACTA que NO debe existir: 'qa'
📝 Nota: Búsqueda realizada en contenido SIN comentarios
Longitud del contenido a buscar: 1620
Usando contenido: LIMPIO (sin comentarios)
¿Contiene 'qa' con búsqueda simple? false
Aplicando 9 patrones de búsqueda...
¿Palabra EXACTA encontrada? false
Total de contextos únicos: 0
✓ Correcto: La palabra EXACTA 'qa' NO fue encontrada como término independiente
ℹ Confirmado: La secuencia 'qa' no aparece en absoluto en el archivo
  Entonces el archivo Yaml NO debe contener la palabra "qa"                  # com.confuturo.steps.YamlValidationSteps.elArchivoYamlNoDebeContenerLaPalabra(java.lang.String)

===== ESCENARIO EXITOSO =====
Nombre: El archivo YAML debe tener la configuración de servicios correcta

===== ESCENARIO EXITOSO =====
Nombre: El archivo YAML debe tener la configuración de servicios correcta
]]></system-out>
  </testcase>
  <testcase name="El archivo YAML debe tener la configuración de servicios correcta #12" classname="Validación de configuración de archivo json en ambiente de Produccion #2" time="1.053">
    <system-out><![CDATA[
@yaml-prod
Escenario: El archivo YAML debe tener la configuración de servicios correcta             # src/test/resources/features/yaml-validation_prod.feature:26

===== INICIANDO ESCENARIO =====
Nombre: El archivo YAML debe tener la configuración de servicios correcta

===== INICIANDO ESCENARIO =====
Nombre: El archivo YAML debe tener la configuración de servicios correcta
Conectando al repositorio: confuturo_ti/portales-internos/api-localizacion
Buscando token en archivo .env...
Comprobando archivo .env en: C:\Users\spena\Desktop\AutomationYamlAndJson\AutomationYamlAndJsonMultiple\yaml-validator\.env
Comprobando archivo .env en: C:\Users\spena\Desktop\AutomationYamlAndJson\AutomationYamlAndJsonMultiple\yaml-validator\..\.env
Archivo .env encontrado en: C:\Users\spena\Desktop\AutomationYamlAndJson\AutomationYamlAndJsonMultiple\yaml-validator\..\.env
Token encontrado en archivo .env: ../.env
Conexión a GitLab establecida correctamente
Conexión establecida correctamente al repositorio: confuturo_ti/portales-internos/api-localizacion
  Dado que tengo acceso al repositorio 'confuturo_ti/portales-internos/api-localizacion' # com.confuturo.steps.YamlValidationSteps.queAccesoAlRepositorio(java.lang.String)
Intentando leer archivo YAML: helm/prod-values-gke.yaml del proyecto: confuturo_ti/portales-internos/api-localizacion
Proyecto encontrado con ID: 29429008
Intentando obtener archivo de la rama: develop
Archivo encontrado en la rama: develop
Contenido YAML guardado en 'gitlab-yaml-content.txt'
=== CONTENIDO YAML ORIGINAL ===
Longitud: 2298 caracteres
Primeras 300 caracteres:
replicaCount: 1

image:
  repository: confuturocloud/api-localizacion
  pullPolicy: IfNotPresent
  tag: "latest"

imagePullSecrets:
  - name: confuturo-registry

nameOverride: ""
fullnameOverride: ""

serviceAccount:
  create: true
  annotations: {}
  name: ""

configmap:
  name: api-localizacion
  
=== FIN DEL CONTENIDO ORIGINAL ===
=== PROCESO DE LIMPIEZA DE COMENTARIOS YAML ===
Líneas originales: 95
Líneas procesadas: 95
Comentarios eliminados: 0
=== FIN DEL PROCESO DE LIMPIEZA ===
YAML limpio guardado en 'cleaned-yaml-content.txt'
Longitud después de limpieza: 2298 caracteres
YAML limpio parseado correctamente
  Cuando leo el archivo 'helm/prod-values-gke.yaml'                                      # com.confuturo.steps.YamlValidationSteps.leoElArchivo(java.lang.String)

============================================================
🔍 VERIFICANDO QUE NO EXISTA LA PALABRA EXACTA
============================================================
🎯 Palabra EXACTA que NO debe existir: 'qa'
📝 Nota: Búsqueda realizada en contenido SIN comentarios
Longitud del contenido a buscar: 2298
Usando contenido: LIMPIO (sin comentarios)
¿Contiene 'qa' con búsqueda simple? false
Aplicando 9 patrones de búsqueda...
¿Palabra EXACTA encontrada? false
Total de contextos únicos: 0
✓ Correcto: La palabra EXACTA 'qa' NO fue encontrada como término independiente
ℹ Confirmado: La secuencia 'qa' no aparece en absoluto en el archivo
  Entonces el archivo Yaml NO debe contener la palabra "qa"                              # com.confuturo.steps.YamlValidationSteps.elArchivoYamlNoDebeContenerLaPalabra(java.lang.String)

===== ESCENARIO EXITOSO =====
Nombre: El archivo YAML debe tener la configuración de servicios correcta

===== ESCENARIO EXITOSO =====
Nombre: El archivo YAML debe tener la configuración de servicios correcta
]]></system-out>
  </testcase>
  <testcase name="El archivo YAML debe tener la configuración de servicios correcta #13" classname="Validación de configuración de archivo json en ambiente de Produccion #2" time="1.048">
    <system-out><![CDATA[
@yaml-prod
Escenario: El archivo YAML debe tener la configuración de servicios correcta                         # src/test/resources/features/yaml-validation_prod.feature:28

===== INICIANDO ESCENARIO =====
Nombre: El archivo YAML debe tener la configuración de servicios correcta

===== INICIANDO ESCENARIO =====
Nombre: El archivo YAML debe tener la configuración de servicios correcta
Conectando al repositorio: confuturo_ti/transacciones-apoyo/api-transacciones-de-apoyo
Buscando token en archivo .env...
Comprobando archivo .env en: C:\Users\spena\Desktop\AutomationYamlAndJson\AutomationYamlAndJsonMultiple\yaml-validator\.env
Comprobando archivo .env en: C:\Users\spena\Desktop\AutomationYamlAndJson\AutomationYamlAndJsonMultiple\yaml-validator\..\.env
Archivo .env encontrado en: C:\Users\spena\Desktop\AutomationYamlAndJson\AutomationYamlAndJsonMultiple\yaml-validator\..\.env
Token encontrado en archivo .env: ../.env
Conexión a GitLab establecida correctamente
Conexión establecida correctamente al repositorio: confuturo_ti/transacciones-apoyo/api-transacciones-de-apoyo
  Dado que tengo acceso al repositorio 'confuturo_ti/transacciones-apoyo/api-transacciones-de-apoyo' # com.confuturo.steps.YamlValidationSteps.queAccesoAlRepositorio(java.lang.String)
Intentando leer archivo YAML: helm/prod-values-gke.yaml del proyecto: confuturo_ti/transacciones-apoyo/api-transacciones-de-apoyo
Proyecto encontrado con ID: 26180947
Intentando obtener archivo de la rama: develop
Archivo encontrado en la rama: develop
Contenido YAML guardado en 'gitlab-yaml-content.txt'
=== CONTENIDO YAML ORIGINAL ===
Longitud: 1814 caracteres
Primeras 300 caracteres:
replicaCount: 1

image:
  repository: confuturocloud/api-transacciones-de-apoyo
  pullPolicy: IfNotPresent
  tag: "latest"

imagePullSecrets: 
  - name: confuturo-registry

nameOverride: ""
fullnameOverride: ""

configmap:
  name: api-transacciones-de-apoyo
  data:
    ASPNETCORE_ENVIRONMENT: "Produ
=== FIN DEL CONTENIDO ORIGINAL ===
=== PROCESO DE LIMPIEZA DE COMENTARIOS YAML ===
Líneas originales: 70
Líneas procesadas: 70
Comentarios eliminados: 0
=== FIN DEL PROCESO DE LIMPIEZA ===
YAML limpio guardado en 'cleaned-yaml-content.txt'
Longitud después de limpieza: 1814 caracteres
YAML limpio parseado correctamente
  Cuando leo el archivo 'helm/prod-values-gke.yaml'                                                  # com.confuturo.steps.YamlValidationSteps.leoElArchivo(java.lang.String)

============================================================
🔍 VERIFICANDO QUE NO EXISTA LA PALABRA EXACTA
============================================================
🎯 Palabra EXACTA que NO debe existir: 'qa'
📝 Nota: Búsqueda realizada en contenido SIN comentarios
Longitud del contenido a buscar: 1814
Usando contenido: LIMPIO (sin comentarios)
¿Contiene 'qa' con búsqueda simple? false
Aplicando 9 patrones de búsqueda...
¿Palabra EXACTA encontrada? false
Total de contextos únicos: 0
✓ Correcto: La palabra EXACTA 'qa' NO fue encontrada como término independiente
ℹ Confirmado: La secuencia 'qa' no aparece en absoluto en el archivo
  Entonces el archivo Yaml NO debe contener la palabra "qa"                                          # com.confuturo.steps.YamlValidationSteps.elArchivoYamlNoDebeContenerLaPalabra(java.lang.String)

===== ESCENARIO EXITOSO =====
Nombre: El archivo YAML debe tener la configuración de servicios correcta

===== ESCENARIO EXITOSO =====
Nombre: El archivo YAML debe tener la configuración de servicios correcta
]]></system-out>
  </testcase>
  <testcase name="El archivo YAML debe tener la configuración de servicios correcta #14" classname="Validación de configuración de archivo json en ambiente de Produccion #2" time="0.992">
    <system-out><![CDATA[
@yaml-prod
Escenario: El archivo YAML debe tener la configuración de servicios correcta                 # src/test/resources/features/yaml-validation_prod.feature:29

===== INICIANDO ESCENARIO =====
Nombre: El archivo YAML debe tener la configuración de servicios correcta

===== INICIANDO ESCENARIO =====
Nombre: El archivo YAML debe tener la configuración de servicios correcta
Conectando al repositorio: confuturo_ti/portalsurrendervt/apiportalsurrendervt
Buscando token en archivo .env...
Comprobando archivo .env en: C:\Users\spena\Desktop\AutomationYamlAndJson\AutomationYamlAndJsonMultiple\yaml-validator\.env
Comprobando archivo .env en: C:\Users\spena\Desktop\AutomationYamlAndJson\AutomationYamlAndJsonMultiple\yaml-validator\..\.env
Archivo .env encontrado en: C:\Users\spena\Desktop\AutomationYamlAndJson\AutomationYamlAndJsonMultiple\yaml-validator\..\.env
Token encontrado en archivo .env: ../.env
Conexión a GitLab establecida correctamente
Conexión establecida correctamente al repositorio: confuturo_ti/portalsurrendervt/apiportalsurrendervt
  Dado que tengo acceso al repositorio 'confuturo_ti/portalsurrendervt/apiportalsurrendervt' # com.confuturo.steps.YamlValidationSteps.queAccesoAlRepositorio(java.lang.String)
Intentando leer archivo YAML: helm/prod-values-gke.yaml del proyecto: confuturo_ti/portalsurrendervt/apiportalsurrendervt
Proyecto encontrado con ID: 67014986
Intentando obtener archivo de la rama: develop
Archivo encontrado en la rama: develop
Contenido YAML guardado en 'gitlab-yaml-content.txt'
=== CONTENIDO YAML ORIGINAL ===
Longitud: 1289 caracteres
Primeras 300 caracteres:
replicaCount: 1

image:
  repository: confuturocloud/apiportalsurrendervt
  tag: "latest"

imagePullSecrets: 
  - name: confuturo-registry

nameOverride: ""
fullnameOverride: ""

serviceAccount:
  create: true
  annotations: {}
  name: ""

configmap:
  name: apiportalsurrendervt
  data:    
    ASPN
=== FIN DEL CONTENIDO ORIGINAL ===
=== PROCESO DE LIMPIEZA DE COMENTARIOS YAML ===
Líneas originales: 67
Líneas procesadas: 67
Comentarios eliminados: 0
=== FIN DEL PROCESO DE LIMPIEZA ===
YAML limpio guardado en 'cleaned-yaml-content.txt'
Longitud después de limpieza: 1289 caracteres
YAML limpio parseado correctamente
  Cuando leo el archivo 'helm/prod-values-gke.yaml'                                          # com.confuturo.steps.YamlValidationSteps.leoElArchivo(java.lang.String)

============================================================
🔍 VERIFICANDO QUE NO EXISTA LA PALABRA EXACTA
============================================================
🎯 Palabra EXACTA que NO debe existir: 'qa'
📝 Nota: Búsqueda realizada en contenido SIN comentarios
Longitud del contenido a buscar: 1289
Usando contenido: LIMPIO (sin comentarios)
¿Contiene 'qa' con búsqueda simple? false
Aplicando 9 patrones de búsqueda...
¿Palabra EXACTA encontrada? false
Total de contextos únicos: 0
✓ Correcto: La palabra EXACTA 'qa' NO fue encontrada como término independiente
ℹ Confirmado: La secuencia 'qa' no aparece en absoluto en el archivo
  Entonces el archivo Yaml NO debe contener la palabra "qa"                                  # com.confuturo.steps.YamlValidationSteps.elArchivoYamlNoDebeContenerLaPalabra(java.lang.String)

===== ESCENARIO EXITOSO =====
Nombre: El archivo YAML debe tener la configuración de servicios correcta

===== ESCENARIO EXITOSO =====
Nombre: El archivo YAML debe tener la configuración de servicios correcta
]]></system-out>
  </testcase>
  <testcase name="El archivo YAML debe tener la configuración de servicios correcta #15" classname="Validación de configuración de archivo json en ambiente de Produccion #2" time="1.09">
    <system-out><![CDATA[
@yaml-prod
Escenario: El archivo YAML debe tener la configuración de servicios correcta               # src/test/resources/features/yaml-validation_prod.feature:30

===== INICIANDO ESCENARIO =====
Nombre: El archivo YAML debe tener la configuración de servicios correcta

===== INICIANDO ESCENARIO =====
Nombre: El archivo YAML debe tener la configuración de servicios correcta
Conectando al repositorio: confuturo_ti/sucursalvirtual/app-sucursal-virtual
Buscando token en archivo .env...
Comprobando archivo .env en: C:\Users\spena\Desktop\AutomationYamlAndJson\AutomationYamlAndJsonMultiple\yaml-validator\.env
Comprobando archivo .env en: C:\Users\spena\Desktop\AutomationYamlAndJson\AutomationYamlAndJsonMultiple\yaml-validator\..\.env
Archivo .env encontrado en: C:\Users\spena\Desktop\AutomationYamlAndJson\AutomationYamlAndJsonMultiple\yaml-validator\..\.env
Token encontrado en archivo .env: ../.env
Conexión a GitLab establecida correctamente
Conexión establecida correctamente al repositorio: confuturo_ti/sucursalvirtual/app-sucursal-virtual
  Dado que tengo acceso al repositorio 'confuturo_ti/sucursalvirtual/app-sucursal-virtual' # com.confuturo.steps.YamlValidationSteps.queAccesoAlRepositorio(java.lang.String)
Intentando leer archivo YAML: helm/prod-values-gke.yaml del proyecto: confuturo_ti/sucursalvirtual/app-sucursal-virtual
Proyecto encontrado con ID: 22471360
Intentando obtener archivo de la rama: develop
Archivo encontrado en la rama: develop
Contenido YAML guardado en 'gitlab-yaml-content.txt'
=== CONTENIDO YAML ORIGINAL ===
Longitud: 2414 caracteres
Primeras 300 caracteres:
replicas: 1

image:
  repository: confuturocloud/app-sucursal-virtual
  pullPolicy: IfNotPresent
  port: 8080
  tag: "latest"


imagePullSecrets:
  - name: confuturo-registry
nameOverride: ""
fullnameOverride: ""

serviceAccount:
  create: true
  annotations: {}
  name: ""

podAnnotations: {}

servi
=== FIN DEL CONTENIDO ORIGINAL ===
=== PROCESO DE LIMPIEZA DE COMENTARIOS YAML ===
Líneas originales: 131
Líneas procesadas: 131
Comentarios eliminados: 0
=== FIN DEL PROCESO DE LIMPIEZA ===
YAML limpio guardado en 'cleaned-yaml-content.txt'
Longitud después de limpieza: 2414 caracteres
YAML limpio parseado correctamente
  Cuando leo el archivo 'helm/prod-values-gke.yaml'                                        # com.confuturo.steps.YamlValidationSteps.leoElArchivo(java.lang.String)

============================================================
🔍 VERIFICANDO QUE NO EXISTA LA PALABRA EXACTA
============================================================
🎯 Palabra EXACTA que NO debe existir: 'qa'
📝 Nota: Búsqueda realizada en contenido SIN comentarios
Longitud del contenido a buscar: 2414
Usando contenido: LIMPIO (sin comentarios)
¿Contiene 'qa' con búsqueda simple? false
Aplicando 9 patrones de búsqueda...
¿Palabra EXACTA encontrada? false
Total de contextos únicos: 0
✓ Correcto: La palabra EXACTA 'qa' NO fue encontrada como término independiente
ℹ Confirmado: La secuencia 'qa' no aparece en absoluto en el archivo
  Entonces el archivo Yaml NO debe contener la palabra "qa"                                # com.confuturo.steps.YamlValidationSteps.elArchivoYamlNoDebeContenerLaPalabra(java.lang.String)

===== ESCENARIO EXITOSO =====
Nombre: El archivo YAML debe tener la configuración de servicios correcta

===== ESCENARIO EXITOSO =====
Nombre: El archivo YAML debe tener la configuración de servicios correcta
]]></system-out>
  </testcase>
  <testcase name="El archivo YAML debe tener la configuración de servicios correcta #16" classname="Validación de configuración de archivo json en ambiente de Produccion #2" time="1.056">
    <system-out><![CDATA[
@yaml-prod
Escenario: El archivo YAML debe tener la configuración de servicios correcta            # src/test/resources/features/yaml-validation_prod.feature:31

===== INICIANDO ESCENARIO =====
Nombre: El archivo YAML debe tener la configuración de servicios correcta

===== INICIANDO ESCENARIO =====
Nombre: El archivo YAML debe tener la configuración de servicios correcta
Conectando al repositorio: confuturo_ti/portales-internos/application-map
Buscando token en archivo .env...
Comprobando archivo .env en: C:\Users\spena\Desktop\AutomationYamlAndJson\AutomationYamlAndJsonMultiple\yaml-validator\.env
Comprobando archivo .env en: C:\Users\spena\Desktop\AutomationYamlAndJson\AutomationYamlAndJsonMultiple\yaml-validator\..\.env
Archivo .env encontrado en: C:\Users\spena\Desktop\AutomationYamlAndJson\AutomationYamlAndJsonMultiple\yaml-validator\..\.env
Token encontrado en archivo .env: ../.env
Conexión a GitLab establecida correctamente
Conexión establecida correctamente al repositorio: confuturo_ti/portales-internos/application-map
  Dado que tengo acceso al repositorio 'confuturo_ti/portales-internos/application-map' # com.confuturo.steps.YamlValidationSteps.queAccesoAlRepositorio(java.lang.String)
Intentando leer archivo YAML: apps/api/helm/prod-values-gke.yaml del proyecto: confuturo_ti/portales-internos/application-map
Proyecto encontrado con ID: 59005361
Intentando obtener archivo de la rama: develop
Archivo encontrado en la rama: develop
Contenido YAML guardado en 'gitlab-yaml-content.txt'
=== CONTENIDO YAML ORIGINAL ===
Longitud: 1544 caracteres
Primeras 300 caracteres:
replicaCount: 1

image:
  repository: confuturocloud/application-map-api
  tag: "latest"

imagePullSecrets: 
  - name: confuturo-registry
nameOverride: ""
fullnameOverride: ""

serviceAccount:
  create: true
  annotations: {}
  name: "" 

podAnnotations:
  vault.hashicorp.com/agent-
=== FIN DEL CONTENIDO ORIGINAL ===
=== PROCESO DE LIMPIEZA DE COMENTARIOS YAML ===
Líneas originales: 60
Líneas procesadas: 60
Comentarios eliminados: 0
=== FIN DEL PROCESO DE LIMPIEZA ===
YAML limpio guardado en 'cleaned-yaml-content.txt'
Longitud después de limpieza: 1545 caracteres
YAML limpio parseado correctamente
  Cuando leo el archivo 'apps/api/helm/prod-values-gke.yaml'                            # com.confuturo.steps.YamlValidationSteps.leoElArchivo(java.lang.String)

============================================================
🔍 VERIFICANDO QUE NO EXISTA LA PALABRA EXACTA
============================================================
🎯 Palabra EXACTA que NO debe existir: 'qa'
📝 Nota: Búsqueda realizada en contenido SIN comentarios
Longitud del contenido a buscar: 1545
Usando contenido: LIMPIO (sin comentarios)
¿Contiene 'qa' con búsqueda simple? false
Aplicando 9 patrones de búsqueda...
¿Palabra EXACTA encontrada? false
Total de contextos únicos: 0
✓ Correcto: La palabra EXACTA 'qa' NO fue encontrada como término independiente
ℹ Confirmado: La secuencia 'qa' no aparece en absoluto en el archivo
  Entonces el archivo Yaml NO debe contener la palabra "qa"                             # com.confuturo.steps.YamlValidationSteps.elArchivoYamlNoDebeContenerLaPalabra(java.lang.String)

===== ESCENARIO EXITOSO =====
Nombre: El archivo YAML debe tener la configuración de servicios correcta

===== ESCENARIO EXITOSO =====
Nombre: El archivo YAML debe tener la configuración de servicios correcta
]]></system-out>
  </testcase>
  <testcase name="El archivo YAML debe tener la configuración de servicios correcta #17" classname="Validación de configuración de archivo json en ambiente de Produccion #2" time="1.038">
    <system-out><![CDATA[
@yaml-prod
Escenario: El archivo YAML debe tener la configuración de servicios correcta # src/test/resources/features/yaml-validation_prod.feature:32

===== INICIANDO ESCENARIO =====
Nombre: El archivo YAML debe tener la configuración de servicios correcta

===== INICIANDO ESCENARIO =====
Nombre: El archivo YAML debe tener la configuración de servicios correcta
Conectando al repositorio: confuturo_ti/aps/backend-aps
Buscando token en archivo .env...
Comprobando archivo .env en: C:\Users\spena\Desktop\AutomationYamlAndJson\AutomationYamlAndJsonMultiple\yaml-validator\.env
Comprobando archivo .env en: C:\Users\spena\Desktop\AutomationYamlAndJson\AutomationYamlAndJsonMultiple\yaml-validator\..\.env
Archivo .env encontrado en: C:\Users\spena\Desktop\AutomationYamlAndJson\AutomationYamlAndJsonMultiple\yaml-validator\..\.env
Token encontrado en archivo .env: ../.env
Conexión a GitLab establecida correctamente
Conexión establecida correctamente al repositorio: confuturo_ti/aps/backend-aps
  Dado que tengo acceso al repositorio 'confuturo_ti/aps/backend-aps'        # com.confuturo.steps.YamlValidationSteps.queAccesoAlRepositorio(java.lang.String)
Intentando leer archivo YAML: helm/prod-values-gke.yaml del proyecto: confuturo_ti/aps/backend-aps
Proyecto encontrado con ID: 31454585
Intentando obtener archivo de la rama: develop
Archivo encontrado en la rama: develop
Contenido YAML guardado en 'gitlab-yaml-content.txt'
=== CONTENIDO YAML ORIGINAL ===
Longitud: 2393 caracteres
Primeras 300 caracteres:
replicaCount: 1

image:
  repository: confuturocloud/backend-aps
  pullPolicy: IfNotPresent
  tag: "latest"

imagePullSecrets: 
  - name: confuturo-registry
nameOverride: ""
fullnameOverride: ""

serviceAccount:
  create: true
  annotations: {}
  name: ""

configmap:
  name: backend-aps
  data:
    
=== FIN DEL CONTENIDO ORIGINAL ===
=== PROCESO DE LIMPIEZA DE COMENTARIOS YAML ===
Líneas originales: 95
Líneas procesadas: 95
Comentarios eliminados: 0
=== FIN DEL PROCESO DE LIMPIEZA ===
YAML limpio guardado en 'cleaned-yaml-content.txt'
Longitud después de limpieza: 2393 caracteres
YAML limpio parseado correctamente
  Cuando leo el archivo 'helm/prod-values-gke.yaml'                          # com.confuturo.steps.YamlValidationSteps.leoElArchivo(java.lang.String)

============================================================
🔍 VERIFICANDO QUE NO EXISTA LA PALABRA EXACTA
============================================================
🎯 Palabra EXACTA que NO debe existir: 'qa'
📝 Nota: Búsqueda realizada en contenido SIN comentarios
Longitud del contenido a buscar: 2393
Usando contenido: LIMPIO (sin comentarios)
¿Contiene 'qa' con búsqueda simple? false
Aplicando 9 patrones de búsqueda...
¿Palabra EXACTA encontrada? false
Total de contextos únicos: 0
✓ Correcto: La palabra EXACTA 'qa' NO fue encontrada como término independiente
ℹ Confirmado: La secuencia 'qa' no aparece en absoluto en el archivo
  Entonces el archivo Yaml NO debe contener la palabra "qa"                  # com.confuturo.steps.YamlValidationSteps.elArchivoYamlNoDebeContenerLaPalabra(java.lang.String)

===== ESCENARIO EXITOSO =====
Nombre: El archivo YAML debe tener la configuración de servicios correcta

===== ESCENARIO EXITOSO =====
Nombre: El archivo YAML debe tener la configuración de servicios correcta
]]></system-out>
  </testcase>
  <testcase name="El archivo YAML debe tener la configuración de servicios correcta #18" classname="Validación de configuración de archivo json en ambiente de Produccion #2" time="1.007">
    <system-out><![CDATA[
@yaml-prod
Escenario: El archivo YAML debe tener la configuración de servicios correcta                      # src/test/resources/features/yaml-validation_prod.feature:33

===== INICIANDO ESCENARIO =====
Nombre: El archivo YAML debe tener la configuración de servicios correcta

===== INICIANDO ESCENARIO =====
Nombre: El archivo YAML debe tener la configuración de servicios correcta
Conectando al repositorio: confuturo_ti/medios-digitales/backend-autorizacion-email
Buscando token en archivo .env...
Comprobando archivo .env en: C:\Users\spena\Desktop\AutomationYamlAndJson\AutomationYamlAndJsonMultiple\yaml-validator\.env
Comprobando archivo .env en: C:\Users\spena\Desktop\AutomationYamlAndJson\AutomationYamlAndJsonMultiple\yaml-validator\..\.env
Archivo .env encontrado en: C:\Users\spena\Desktop\AutomationYamlAndJson\AutomationYamlAndJsonMultiple\yaml-validator\..\.env
Token encontrado en archivo .env: ../.env
Conexión a GitLab establecida correctamente
Conexión establecida correctamente al repositorio: confuturo_ti/medios-digitales/backend-autorizacion-email
  Dado que tengo acceso al repositorio 'confuturo_ti/medios-digitales/backend-autorizacion-email' # com.confuturo.steps.YamlValidationSteps.queAccesoAlRepositorio(java.lang.String)
Intentando leer archivo YAML: helm/prod-values-gke.yaml del proyecto: confuturo_ti/medios-digitales/backend-autorizacion-email
Proyecto encontrado con ID: 31404877
Intentando obtener archivo de la rama: develop
Archivo encontrado en la rama: develop
Contenido YAML guardado en 'gitlab-yaml-content.txt'
=== CONTENIDO YAML ORIGINAL ===
Longitud: 2202 caracteres
Primeras 300 caracteres:
replicaCount: 1

image:
  repository: confuturocloud/backend-autorizacion-email
  pullPolicy: IfNotPresent
  tag: "latest"

imagePullSecrets:
  - name: confuturo-registry
nameOverride: ""
fullnameOverride: ""

configmap:
  name: backend-autorizacion-email
  data:
    ASPNETCORE_ENVIRONMENT: "Product
=== FIN DEL CONTENIDO ORIGINAL ===
=== PROCESO DE LIMPIEZA DE COMENTARIOS YAML ===
Líneas originales: 74
Líneas procesadas: 74
Comentarios eliminados: 0
=== FIN DEL PROCESO DE LIMPIEZA ===
YAML limpio guardado en 'cleaned-yaml-content.txt'
Longitud después de limpieza: 2202 caracteres
YAML limpio parseado correctamente
  Cuando leo el archivo 'helm/prod-values-gke.yaml'                                               # com.confuturo.steps.YamlValidationSteps.leoElArchivo(java.lang.String)

============================================================
🔍 VERIFICANDO QUE NO EXISTA LA PALABRA EXACTA
============================================================
🎯 Palabra EXACTA que NO debe existir: 'qa'
📝 Nota: Búsqueda realizada en contenido SIN comentarios
Longitud del contenido a buscar: 2202
Usando contenido: LIMPIO (sin comentarios)
¿Contiene 'qa' con búsqueda simple? false
Aplicando 9 patrones de búsqueda...
¿Palabra EXACTA encontrada? false
Total de contextos únicos: 0
✓ Correcto: La palabra EXACTA 'qa' NO fue encontrada como término independiente
ℹ Confirmado: La secuencia 'qa' no aparece en absoluto en el archivo
  Entonces el archivo Yaml NO debe contener la palabra "qa"                                       # com.confuturo.steps.YamlValidationSteps.elArchivoYamlNoDebeContenerLaPalabra(java.lang.String)

===== ESCENARIO EXITOSO =====
Nombre: El archivo YAML debe tener la configuración de servicios correcta

===== ESCENARIO EXITOSO =====
Nombre: El archivo YAML debe tener la configuración de servicios correcta
]]></system-out>
  </testcase>
  <testcase name="El archivo YAML debe tener la configuración de servicios correcta #19" classname="Validación de configuración de archivo json en ambiente de Produccion #2" time="1.059">
    <system-out><![CDATA[
@yaml-prod
Escenario: El archivo YAML debe tener la configuración de servicios correcta                                            # src/test/resources/features/yaml-validation_prod.feature:34

===== INICIANDO ESCENARIO =====
Nombre: El archivo YAML debe tener la configuración de servicios correcta

===== INICIANDO ESCENARIO =====
Nombre: El archivo YAML debe tener la configuración de servicios correcta
Conectando al repositorio: confuturo_ti/portales-internos/certificate-manager/backend-certificate-manager
Buscando token en archivo .env...
Comprobando archivo .env en: C:\Users\spena\Desktop\AutomationYamlAndJson\AutomationYamlAndJsonMultiple\yaml-validator\.env
Comprobando archivo .env en: C:\Users\spena\Desktop\AutomationYamlAndJson\AutomationYamlAndJsonMultiple\yaml-validator\..\.env
Archivo .env encontrado en: C:\Users\spena\Desktop\AutomationYamlAndJson\AutomationYamlAndJsonMultiple\yaml-validator\..\.env
Token encontrado en archivo .env: ../.env
Conexión a GitLab establecida correctamente
Conexión establecida correctamente al repositorio: confuturo_ti/portales-internos/certificate-manager/backend-certificate-manager
  Dado que tengo acceso al repositorio 'confuturo_ti/portales-internos/certificate-manager/backend-certificate-manager' # com.confuturo.steps.YamlValidationSteps.queAccesoAlRepositorio(java.lang.String)
Intentando leer archivo YAML: helm/prod-values-gke.yaml del proyecto: confuturo_ti/portales-internos/certificate-manager/backend-certificate-manager
Proyecto encontrado con ID: 56540791
Intentando obtener archivo de la rama: develop
Archivo encontrado en la rama: develop
Contenido YAML guardado en 'gitlab-yaml-content.txt'
=== CONTENIDO YAML ORIGINAL ===
Longitud: 2427 caracteres
Primeras 300 caracteres:
replicaCount: 1

image:
  repository: confuturocloud/backend-certificate-manager
  tag: "latest"

imagePullSecrets: 
  - name: confuturo-registry

nameOverride: ""
fullnameOverride: ""

serviceAccount:
  create: true
  annotations: {}
  name: ""

configmap:
  name: backend-certificate-manager
  data
=== FIN DEL CONTENIDO ORIGINAL ===
=== PROCESO DE LIMPIEZA DE COMENTARIOS YAML ===
Líneas originales: 83
Líneas procesadas: 83
Comentarios eliminados: 0
=== FIN DEL PROCESO DE LIMPIEZA ===
YAML limpio guardado en 'cleaned-yaml-content.txt'
Longitud después de limpieza: 2427 caracteres
YAML limpio parseado correctamente
  Cuando leo el archivo 'helm/prod-values-gke.yaml'                                                                     # com.confuturo.steps.YamlValidationSteps.leoElArchivo(java.lang.String)

============================================================
🔍 VERIFICANDO QUE NO EXISTA LA PALABRA EXACTA
============================================================
🎯 Palabra EXACTA que NO debe existir: 'qa'
📝 Nota: Búsqueda realizada en contenido SIN comentarios
Longitud del contenido a buscar: 2427
Usando contenido: LIMPIO (sin comentarios)
¿Contiene 'qa' con búsqueda simple? false
Aplicando 9 patrones de búsqueda...
¿Palabra EXACTA encontrada? false
Total de contextos únicos: 0
✓ Correcto: La palabra EXACTA 'qa' NO fue encontrada como término independiente
ℹ Confirmado: La secuencia 'qa' no aparece en absoluto en el archivo
  Entonces el archivo Yaml NO debe contener la palabra "qa"                                                             # com.confuturo.steps.YamlValidationSteps.elArchivoYamlNoDebeContenerLaPalabra(java.lang.String)

===== ESCENARIO EXITOSO =====
Nombre: El archivo YAML debe tener la configuración de servicios correcta

===== ESCENARIO EXITOSO =====
Nombre: El archivo YAML debe tener la configuración de servicios correcta
]]></system-out>
  </testcase>
  <testcase name="El archivo YAML debe tener la configuración de servicios correcta #20" classname="Validación de configuración de archivo json en ambiente de Produccion #2" time="1.292">
    <system-out><![CDATA[
@yaml-prod
Escenario: El archivo YAML debe tener la configuración de servicios correcta         # src/test/resources/features/yaml-validation_prod.feature:35

===== INICIANDO ESCENARIO =====
Nombre: El archivo YAML debe tener la configuración de servicios correcta

===== INICIANDO ESCENARIO =====
Nombre: El archivo YAML debe tener la configuración de servicios correcta
Conectando al repositorio: confuturo_ti/mandato-amplio/backend-mandato
Buscando token en archivo .env...
Comprobando archivo .env en: C:\Users\spena\Desktop\AutomationYamlAndJson\AutomationYamlAndJsonMultiple\yaml-validator\.env
Comprobando archivo .env en: C:\Users\spena\Desktop\AutomationYamlAndJson\AutomationYamlAndJsonMultiple\yaml-validator\..\.env
Archivo .env encontrado en: C:\Users\spena\Desktop\AutomationYamlAndJson\AutomationYamlAndJsonMultiple\yaml-validator\..\.env
Token encontrado en archivo .env: ../.env
Conexión a GitLab establecida correctamente
Conexión establecida correctamente al repositorio: confuturo_ti/mandato-amplio/backend-mandato
  Dado que tengo acceso al repositorio 'confuturo_ti/mandato-amplio/backend-mandato' # com.confuturo.steps.YamlValidationSteps.queAccesoAlRepositorio(java.lang.String)
Intentando leer archivo YAML: helm/prod-values-gke.yaml del proyecto: confuturo_ti/mandato-amplio/backend-mandato
Proyecto encontrado con ID: 31401969
Intentando obtener archivo de la rama: develop
Archivo encontrado en la rama: develop
Contenido YAML guardado en 'gitlab-yaml-content.txt'
=== CONTENIDO YAML ORIGINAL ===
Longitud: 1848 caracteres
Primeras 300 caracteres:
replicaCount: 1

image:
  repository: confuturocloud/backend-mandato
  pullPolicy: IfNotPresent
  tag: "latest"

imagePullSecrets: 
  - name: confuturo-registry

nameOverride: ""
fullnameOverride: ""

serviceAccount:
  create: true
  annotations: {}
  name: ""

configmap:
  name: backend-mandato
  d
=== FIN DEL CONTENIDO ORIGINAL ===
=== PROCESO DE LIMPIEZA DE COMENTARIOS YAML ===
Líneas originales: 71
Líneas procesadas: 71
Comentarios eliminados: 0
=== FIN DEL PROCESO DE LIMPIEZA ===
YAML limpio guardado en 'cleaned-yaml-content.txt'
Longitud después de limpieza: 1849 caracteres
YAML limpio parseado correctamente
  Cuando leo el archivo 'helm/prod-values-gke.yaml'                                  # com.confuturo.steps.YamlValidationSteps.leoElArchivo(java.lang.String)

============================================================
🔍 VERIFICANDO QUE NO EXISTA LA PALABRA EXACTA
============================================================
🎯 Palabra EXACTA que NO debe existir: 'qa'
📝 Nota: Búsqueda realizada en contenido SIN comentarios
Longitud del contenido a buscar: 1849
Usando contenido: LIMPIO (sin comentarios)
¿Contiene 'qa' con búsqueda simple? false
Aplicando 9 patrones de búsqueda...
¿Palabra EXACTA encontrada? false
Total de contextos únicos: 0
✓ Correcto: La palabra EXACTA 'qa' NO fue encontrada como término independiente
ℹ Confirmado: La secuencia 'qa' no aparece en absoluto en el archivo
  Entonces el archivo Yaml NO debe contener la palabra "qa"                          # com.confuturo.steps.YamlValidationSteps.elArchivoYamlNoDebeContenerLaPalabra(java.lang.String)

===== ESCENARIO EXITOSO =====
Nombre: El archivo YAML debe tener la configuración de servicios correcta

===== ESCENARIO EXITOSO =====
Nombre: El archivo YAML debe tener la configuración de servicios correcta
]]></system-out>
  </testcase>
  <testcase name="El archivo YAML debe tener la configuración de servicios correcta #21" classname="Validación de configuración de archivo json en ambiente de Produccion #2" time="1.404">
    <system-out><![CDATA[
@yaml-prod
[...]

============================================================
🔍 VERIFICANDO QUE NO EXISTA LA PALABRA EXACTA
============================================================
🎯 Palabra EXACTA que NO debe existir: 'qa'
📝 Nota: Búsqueda realizada en contenido SIN comentarios
Longitud del contenido a buscar: 1767
Usando contenido: LIMPIO (sin comentarios)
¿Contiene 'qa' con búsqueda simple? false
Aplicando 9 patrones de búsqueda...
¿Palabra EXACTA encontrada? false
Total de contextos únicos: 0
✓ Correcto: La palabra EXACTA 'qa' NO fue encontrada como término independiente
ℹ Confirmado: La secuencia 'qa' no aparece en absoluto en el archivo
  Entonces el archivo Yaml NO debe contener la palabra "qa"                                   # com.confuturo.steps.YamlValidationSteps.elArchivoYamlNoDebeContenerLaPalabra(java.lang.String)

===== ESCENARIO EXITOSO =====
Nombre: El archivo YAML debe tener la configuración de servicios correcta

===== ESCENARIO EXITOSO =====
Nombre: El archivo YAML debe tener la configuración de servicios correcta
]]></system-out>
  </testcase>
  <testcase name="El archivo YAML debe tener la configuración de servicios correcta #84" classname="Validación de configuración de archivo json en ambiente de Produccion #2" time="1.238">
    <system-out><![CDATA[
@yaml-prod
Escenario: El archivo YAML debe tener la configuración de servicios correcta                  # src/test/resources/features/yaml-validation_prod.feature:102

===== INICIANDO ESCENARIO =====
Nombre: El archivo YAML debe tener la configuración de servicios correcta

===== INICIANDO ESCENARIO =====
Nombre: El archivo YAML debe tener la configuración de servicios correcta
Conectando al repositorio: confuturo_ti/servicios-de-pago/cashier-services/sicc
Buscando token en archivo .env...
Comprobando archivo .env en: C:\Users\spena\Desktop\AutomationYamlAndJson\AutomationYamlAndJsonMultiple\yaml-validator\.env
Comprobando archivo .env en: C:\Users\spena\Desktop\AutomationYamlAndJson\AutomationYamlAndJsonMultiple\yaml-validator\..\.env
Archivo .env encontrado en: C:\Users\spena\Desktop\AutomationYamlAndJson\AutomationYamlAndJsonMultiple\yaml-validator\..\.env
Token encontrado en archivo .env: ../.env
Conexión a GitLab establecida correctamente
Conexión establecida correctamente al repositorio: confuturo_ti/servicios-de-pago/cashier-services/sicc
  Dado que tengo acceso al repositorio 'confuturo_ti/servicios-de-pago/cashier-services/sicc' # com.confuturo.steps.YamlValidationSteps.queAccesoAlRepositorio(java.lang.String)
Intentando leer archivo YAML: confuturo-sicc-utilitario/helm/prod-values-gke.yaml del proyecto: confuturo_ti/servicios-de-pago/cashier-services/sicc
Proyecto encontrado con ID: 33153056
Intentando obtener archivo de la rama: develop
Archivo encontrado en la rama: develop
Contenido YAML guardado en 'gitlab-yaml-content.txt'
=== CONTENIDO YAML ORIGINAL ===
Longitud: 2486 caracteres
Primeras 300 caracteres:
replicaCount: 1

image:
  repository: confuturocloud/sicc-utilitario
  pullPolicy: IfNotPresent
  tag: "latest"

imagePullSecrets: 
  - name: confuturo-registry
nameOverride: ""
fullnameOverride: ""

serviceAccount:
  create: true
  annotations: {}
  name: ""

configmap:
  name: sicc-utilitario
  da
=== FIN DEL CONTENIDO ORIGINAL ===
=== PROCESO DE LIMPIEZA DE COMENTARIOS YAML ===
Líneas originales: 77
Líneas procesadas: 77
Comentarios eliminados: 0
=== FIN DEL PROCESO DE LIMPIEZA ===
YAML limpio guardado en 'cleaned-yaml-content.txt'
Longitud después de limpieza: 2487 caracteres
YAML limpio parseado correctamente
  Cuando leo el archivo 'confuturo-sicc-utilitario/helm/prod-values-gke.yaml'                 # com.confuturo.steps.YamlValidationSteps.leoElArchivo(java.lang.String)

============================================================
🔍 VERIFICANDO QUE NO EXISTA LA PALABRA EXACTA
============================================================
🎯 Palabra EXACTA que NO debe existir: 'qa'
📝 Nota: Búsqueda realizada en contenido SIN comentarios
Longitud del contenido a buscar: 2487
Usando contenido: LIMPIO (sin comentarios)
¿Contiene 'qa' con búsqueda simple? false
Aplicando 9 patrones de búsqueda...
¿Palabra EXACTA encontrada? false
Total de contextos únicos: 0
✓ Correcto: La palabra EXACTA 'qa' NO fue encontrada como término independiente
ℹ Confirmado: La secuencia 'qa' no aparece en absoluto en el archivo
  Entonces el archivo Yaml NO debe contener la palabra "qa"                                   # com.confuturo.steps.YamlValidationSteps.elArchivoYamlNoDebeContenerLaPalabra(java.lang.String)

===== ESCENARIO EXITOSO =====
Nombre: El archivo YAML debe tener la configuración de servicios correcta

===== ESCENARIO EXITOSO =====
Nombre: El archivo YAML debe tener la configuración de servicios correcta
]]></system-out>
  </testcase>
  <testcase name="El archivo YAML debe tener la configuración de servicios correcta #85" classname="Validación de configuración de archivo json en ambiente de Produccion #2" time="1.031">
    <system-out><![CDATA[
@yaml-prod
Escenario: El archivo YAML debe tener la configuración de servicios correcta                  # src/test/resources/features/yaml-validation_prod.feature:103

===== INICIANDO ESCENARIO =====
Nombre: El archivo YAML debe tener la configuración de servicios correcta

===== INICIANDO ESCENARIO =====
Nombre: El archivo YAML debe tener la configuración de servicios correcta
Conectando al repositorio: confuturo_ti/servicios-de-pago/cashier-services/sicc
Buscando token en archivo .env...
Comprobando archivo .env en: C:\Users\spena\Desktop\AutomationYamlAndJson\AutomationYamlAndJsonMultiple\yaml-validator\.env
Comprobando archivo .env en: C:\Users\spena\Desktop\AutomationYamlAndJson\AutomationYamlAndJsonMultiple\yaml-validator\..\.env
Archivo .env encontrado en: C:\Users\spena\Desktop\AutomationYamlAndJson\AutomationYamlAndJsonMultiple\yaml-validator\..\.env
Token encontrado en archivo .env: ../.env
Conexión a GitLab establecida correctamente
Conexión establecida correctamente al repositorio: confuturo_ti/servicios-de-pago/cashier-services/sicc
  Dado que tengo acceso al repositorio 'confuturo_ti/servicios-de-pago/cashier-services/sicc' # com.confuturo.steps.YamlValidationSteps.queAccesoAlRepositorio(java.lang.String)
Intentando leer archivo YAML: confuturo_sicc_frontend/helm/prod-values-gke.yaml del proyecto: confuturo_ti/servicios-de-pago/cashier-services/sicc
Proyecto encontrado con ID: 33153056
Intentando obtener archivo de la rama: develop
Archivo encontrado en la rama: develop
Contenido YAML guardado en 'gitlab-yaml-content.txt'
=== CONTENIDO YAML ORIGINAL ===
Longitud: 881 caracteres
Primeras 300 caracteres:
replicaCount: 1

image:
  repository: confuturocloud/sicc-frontend
  pullPolicy: IfNotPresent
  tag: "latest"

imagePullSecrets: 
  - name: confuturo-registry

nameOverride: ""
fullnameOverride: ""

serviceAccount:
  create: true
  annotations: {}
  name: ""

configmap:
  name: sicc-frontend
  data:
=== FIN DEL CONTENIDO ORIGINAL ===
=== PROCESO DE LIMPIEZA DE COMENTARIOS YAML ===
Líneas originales: 51
Líneas procesadas: 51
Comentarios eliminados: 0
=== FIN DEL PROCESO DE LIMPIEZA ===
YAML limpio guardado en 'cleaned-yaml-content.txt'
Longitud después de limpieza: 881 caracteres
YAML limpio parseado correctamente
  Cuando leo el archivo 'confuturo_sicc_frontend/helm/prod-values-gke.yaml'                   # com.confuturo.steps.YamlValidationSteps.leoElArchivo(java.lang.String)

============================================================
🔍 VERIFICANDO QUE NO EXISTA LA PALABRA EXACTA
============================================================
🎯 Palabra EXACTA que NO debe existir: 'qa'
📝 Nota: Búsqueda realizada en contenido SIN comentarios
Longitud del contenido a buscar: 881
Usando contenido: LIMPIO (sin comentarios)
¿Contiene 'qa' con búsqueda simple? false
Aplicando 9 patrones de búsqueda...
¿Palabra EXACTA encontrada? false
Total de contextos únicos: 0
✓ Correcto: La palabra EXACTA 'qa' NO fue encontrada como término independiente
ℹ Confirmado: La secuencia 'qa' no aparece en absoluto en el archivo
  Entonces el archivo Yaml NO debe contener la palabra "qa"                                   # com.confuturo.steps.YamlValidationSteps.elArchivoYamlNoDebeContenerLaPalabra(java.lang.String)

===== ESCENARIO EXITOSO =====
Nombre: El archivo YAML debe tener la configuración de servicios correcta

===== ESCENARIO EXITOSO =====
Nombre: El archivo YAML debe tener la configuración de servicios correcta
]]></system-out>
  </testcase>
  <testcase name="El archivo YAML debe tener la configuración de servicios correcta #86" classname="Validación de configuración de archivo json en ambiente de Produccion #2" time="1.859">
    <system-out><![CDATA[
@yaml-prod
Escenario: El archivo YAML debe tener la configuración de servicios correcta                 # src/test/resources/features/yaml-validation_prod.feature:104

===== INICIANDO ESCENARIO =====
Nombre: El archivo YAML debe tener la configuración de servicios correcta

===== INICIANDO ESCENARIO =====
Nombre: El archivo YAML debe tener la configuración de servicios correcta
Conectando al repositorio: confuturo_ti/portales-internos/texttospeech-service
Buscando token en archivo .env...
Comprobando archivo .env en: C:\Users\spena\Desktop\AutomationYamlAndJson\AutomationYamlAndJsonMultiple\yaml-validator\.env
Comprobando archivo .env en: C:\Users\spena\Desktop\AutomationYamlAndJson\AutomationYamlAndJsonMultiple\yaml-validator\..\.env
Archivo .env encontrado en: C:\Users\spena\Desktop\AutomationYamlAndJson\AutomationYamlAndJsonMultiple\yaml-validator\..\.env
Token encontrado en archivo .env: ../.env
Conexión a GitLab establecida correctamente
Conexión establecida correctamente al repositorio: confuturo_ti/portales-internos/texttospeech-service
  Dado que tengo acceso al repositorio 'confuturo_ti/portales-internos/texttospeech-service' # com.confuturo.steps.YamlValidationSteps.queAccesoAlRepositorio(java.lang.String)
Intentando leer archivo YAML: helm/prod-values-gke.yaml del proyecto: confuturo_ti/portales-internos/texttospeech-service
Proyecto encontrado con ID: 68859839
Intentando obtener archivo de la rama: develop
Archivo encontrado en la rama: develop
Contenido YAML guardado en 'gitlab-yaml-content.txt'
=== CONTENIDO YAML ORIGINAL ===
Longitud: 1658 caracteres
Primeras 300 caracteres:
replicaCount: 1

image:
  repository: confuturocloud/texttospeech-service
  tag: "latest"

imagePullSecrets:
  - name: confuturo-registry

nameOverride: ""
fullnameOverride: ""

serviceAccount:
  create: true
  annotations: {}
  name: ""

podAnnotations:
  vault.hashicorp.com/agent
=== FIN DEL CONTENIDO ORIGINAL ===
=== PROCESO DE LIMPIEZA DE COMENTARIOS YAML ===
Líneas originales: 72
Líneas procesadas: 72
Comentarios eliminados: 0
=== FIN DEL PROCESO DE LIMPIEZA ===
YAML limpio guardado en 'cleaned-yaml-content.txt'
Longitud después de limpieza: 1658 caracteres
YAML limpio parseado correctamente
  Cuando leo el archivo 'helm/prod-values-gke.yaml'                                          # com.confuturo.steps.YamlValidationSteps.leoElArchivo(java.lang.String)

============================================================
🔍 VERIFICANDO QUE NO EXISTA LA PALABRA EXACTA
============================================================
🎯 Palabra EXACTA que NO debe existir: 'qa'
📝 Nota: Búsqueda realizada en contenido SIN comentarios
Longitud del contenido a buscar: 1658
Usando contenido: LIMPIO (sin comentarios)
¿Contiene 'qa' con búsqueda simple? false
Aplicando 9 patrones de búsqueda...
¿Palabra EXACTA encontrada? false
Total de contextos únicos: 0
✓ Correcto: La palabra EXACTA 'qa' NO fue encontrada como término independiente
ℹ Confirmado: La secuencia 'qa' no aparece en absoluto en el archivo
  Entonces el archivo Yaml NO debe contener la palabra "qa"                                  # com.confuturo.steps.YamlValidationSteps.elArchivoYamlNoDebeContenerLaPalabra(java.lang.String)

===== ESCENARIO EXITOSO =====
Nombre: El archivo YAML debe tener la configuración de servicios correcta

===== ESCENARIO EXITOSO =====
Nombre: El archivo YAML debe tener la configuración de servicios correcta
]]></system-out>
  </testcase>
  <testcase name="El archivo YAML debe tener la configuración de servicios correcta #87" classname="Validación de configuración de archivo json en ambiente de Produccion #2" time="0.958">
    <system-out><![CDATA[
@yaml-prod
Escenario: El archivo YAML debe tener la configuración de servicios correcta                       # src/test/resources/features/yaml-validation_prod.feature:105

===== INICIANDO ESCENARIO =====
Nombre: El archivo YAML debe tener la configuración de servicios correcta

===== INICIANDO ESCENARIO =====
Nombre: El archivo YAML debe tener la configuración de servicios correcta
Conectando al repositorio: confuturo_ti/portales-internos/tracking/tracking-services
Buscando token en archivo .env...
Comprobando archivo .env en: C:\Users\spena\Desktop\AutomationYamlAndJson\AutomationYamlAndJsonMultiple\yaml-validator\.env
Comprobando archivo .env en: C:\Users\spena\Desktop\AutomationYamlAndJson\AutomationYamlAndJsonMultiple\yaml-validator\..\.env
Archivo .env encontrado en: C:\Users\spena\Desktop\AutomationYamlAndJson\AutomationYamlAndJsonMultiple\yaml-validator\..\.env
Token encontrado en archivo .env: ../.env
Conexión a GitLab establecida correctamente
Conexión establecida correctamente al repositorio: confuturo_ti/portales-internos/tracking/tracking-services
  Dado que tengo acceso al repositorio 'confuturo_ti/portales-internos/tracking/tracking-services' # com.confuturo.steps.YamlValidationSteps.queAccesoAlRepositorio(java.lang.String)
Intentando leer archivo YAML: helm/prod-values-gke.yaml del proyecto: confuturo_ti/portales-internos/tracking/tracking-services
Proyecto encontrado con ID: 32832393
Intentando obtener archivo de la rama: develop
Archivo encontrado en la rama: develop
Contenido YAML guardado en 'gitlab-yaml-content.txt'
=== CONTENIDO YAML ORIGINAL ===
Longitud: 2460 caracteres
Primeras 300 caracteres:
replicaCount: 1

image:
  repository: confuturocloud/tracking-services
  tag: "latest"

imagePullSecrets:
  - name: confuturo-registry

nameOverride: ""
fullnameOverride: ""

serviceAccount:
  create: true
  annotations: {}
  name: ""

configmap:
  name: tracking-services
  data:
    AllowedHosts: "
=== FIN DEL CONTENIDO ORIGINAL ===
=== PROCESO DE LIMPIEZA DE COMENTARIOS YAML ===
Líneas originales: 95
Líneas procesadas: 95
Comentarios eliminados: 0
=== FIN DEL PROCESO DE LIMPIEZA ===
YAML limpio guardado en 'cleaned-yaml-content.txt'
Longitud después de limpieza: 2460 caracteres
YAML limpio parseado correctamente
  Cuando leo el archivo 'helm/prod-values-gke.yaml'                                                # com.confuturo.steps.YamlValidationSteps.leoElArchivo(java.lang.String)

============================================================
🔍 VERIFICANDO QUE NO EXISTA LA PALABRA EXACTA
============================================================
🎯 Palabra EXACTA que NO debe existir: 'qa'
📝 Nota: Búsqueda realizada en contenido SIN comentarios
Longitud del contenido a buscar: 2460
Usando contenido: LIMPIO (sin comentarios)
¿Contiene 'qa' con búsqueda simple? false
Aplicando 9 patrones de búsqueda...
¿Palabra EXACTA encontrada? false
Total de contextos únicos: 0
✓ Correcto: La palabra EXACTA 'qa' NO fue encontrada como término independiente
ℹ Confirmado: La secuencia 'qa' no aparece en absoluto en el archivo
  Entonces el archivo Yaml NO debe contener la palabra "qa"                                        # com.confuturo.steps.YamlValidationSteps.elArchivoYamlNoDebeContenerLaPalabra(java.lang.String)

===== ESCENARIO EXITOSO =====
Nombre: El archivo YAML debe tener la configuración de servicios correcta

===== ESCENARIO EXITOSO =====
Nombre: El archivo YAML debe tener la configuración de servicios correcta
]]></system-out>
  </testcase>
  <testcase name="El archivo YAML debe tener la configuración de servicios correcta #88" classname="Validación de configuración de archivo json en ambiente de Produccion #2" time="1.141">
    <system-out><![CDATA[
@yaml-prod
Escenario: El archivo YAML debe tener la configuración de servicios correcta                           # src/test/resources/features/yaml-validation_prod.feature:106

===== INICIANDO ESCENARIO =====
Nombre: El archivo YAML debe tener la configuración de servicios correcta

===== INICIANDO ESCENARIO =====
Nombre: El archivo YAML debe tener la configuración de servicios correcta
Conectando al repositorio: confuturo_ti/transacciones-apoyo/transacciones-de-apoyo-front
Buscando token en archivo .env...
Comprobando archivo .env en: C:\Users\spena\Desktop\AutomationYamlAndJson\AutomationYamlAndJsonMultiple\yaml-validator\.env
Comprobando archivo .env en: C:\Users\spena\Desktop\AutomationYamlAndJson\AutomationYamlAndJsonMultiple\yaml-validator\..\.env
Archivo .env encontrado en: C:\Users\spena\Desktop\AutomationYamlAndJson\AutomationYamlAndJsonMultiple\yaml-validator\..\.env
Token encontrado en archivo .env: ../.env
Conexión a GitLab establecida correctamente
Conexión establecida correctamente al repositorio: confuturo_ti/transacciones-apoyo/transacciones-de-apoyo-front
  Dado que tengo acceso al repositorio 'confuturo_ti/transacciones-apoyo/transacciones-de-apoyo-front' # com.confuturo.steps.YamlValidationSteps.queAccesoAlRepositorio(java.lang.String)
Intentando leer archivo YAML: helm/prod-values-gke.yaml del proyecto: confuturo_ti/transacciones-apoyo/transacciones-de-apoyo-front
Proyecto encontrado con ID: 26180886
Intentando obtener archivo de la rama: develop
Archivo encontrado en la rama: develop
Contenido YAML guardado en 'gitlab-yaml-content.txt'
=== CONTENIDO YAML ORIGINAL ===
Longitud: 1283 caracteres
Primeras 300 caracteres:
replicaCount: 1

image:
  repository: confuturocloud/transacciones-de-apoyo-front
  pullPolicy: IfNotPresent
  tag: "latest"

imagePullSecrets:
  - name: confuturo-registry
nameOverride: ""
fullnameOverride: ""

configmap:
  name: transacciones-de-apoyo-front
  data:
    env: prod

serviceAccount:
 
=== FIN DEL CONTENIDO ORIGINAL ===
=== PROCESO DE LIMPIEZA DE COMENTARIOS YAML ===
Líneas originales: 58
Líneas procesadas: 58
Comentarios eliminados: 0
=== FIN DEL PROCESO DE LIMPIEZA ===
YAML limpio guardado en 'cleaned-yaml-content.txt'
Longitud después de limpieza: 1282 caracteres
YAML limpio parseado correctamente
  Cuando leo el archivo 'helm/prod-values-gke.yaml'                                                    # com.confuturo.steps.YamlValidationSteps.leoElArchivo(java.lang.String)

============================================================
🔍 VERIFICANDO QUE NO EXISTA LA PALABRA EXACTA
============================================================
🎯 Palabra EXACTA que NO debe existir: 'qa'
📝 Nota: Búsqueda realizada en contenido SIN comentarios
Longitud del contenido a buscar: 1282
Usando contenido: LIMPIO (sin comentarios)
¿Contiene 'qa' con búsqueda simple? false
Aplicando 9 patrones de búsqueda...
¿Palabra EXACTA encontrada? false
Total de contextos únicos: 0
✓ Correcto: La palabra EXACTA 'qa' NO fue encontrada como término independiente
ℹ Confirmado: La secuencia 'qa' no aparece en absoluto en el archivo
  Entonces el archivo Yaml NO debe contener la palabra "qa"                                            # com.confuturo.steps.YamlValidationSteps.elArchivoYamlNoDebeContenerLaPalabra(java.lang.String)

===== ESCENARIO EXITOSO =====
Nombre: El archivo YAML debe tener la configuración de servicios correcta

===== ESCENARIO EXITOSO =====
Nombre: El archivo YAML debe tener la configuración de servicios correcta
]]></system-out>
  </testcase>
</testsuite>